<?xml version="1.0" encoding="UTF-8"?>
<testsuite xmlns:xsi="http://www.w3.org/2001/XMLSchema-instance" xsi:noNamespaceSchemaLocation="https://maven.apache.org/surefire/maven-surefire-plugin/xsd/surefire-test-report-3.0.xsd" version="3.0" name="com.example.MeliUrlShorter.MeliUrlShorterApplicationTests" time="6.082" tests="4" errors="3" skipped="0" failures="0">
  <properties>
    <property name="java.specification.version" value="21"/>
    <property name="sun.cpu.isalist" value="amd64"/>
    <property name="sun.jnu.encoding" value="UTF-8"/>
    <property name="java.class.path" value="C:\Users\cveti\Desktop\Max\Meli\UrlShorterMeliBackend\target\test-classes;C:\Users\cveti\Desktop\Max\Meli\UrlShorterMeliBackend\target\classes;C:\Users\cveti\.m2\repository\org\springframework\boot\spring-boot-starter-data-redis\3.3.0\spring-boot-starter-data-redis-3.3.0.jar;C:\Users\cveti\.m2\repository\org\springframework\boot\spring-boot-starter\3.2.5\spring-boot-starter-3.2.5.jar;C:\Users\cveti\.m2\repository\org\springframework\boot\spring-boot\3.2.5\spring-boot-3.2.5.jar;C:\Users\cveti\.m2\repository\org\springframework\boot\spring-boot-autoconfigure\3.2.5\spring-boot-autoconfigure-3.2.5.jar;C:\Users\cveti\.m2\repository\org\springframework\boot\spring-boot-starter-logging\3.2.5\spring-boot-starter-logging-3.2.5.jar;C:\Users\cveti\.m2\repository\ch\qos\logback\logback-classic\1.4.14\logback-classic-1.4.14.jar;C:\Users\cveti\.m2\repository\ch\qos\logback\logback-core\1.4.14\logback-core-1.4.14.jar;C:\Users\cveti\.m2\repository\org\apache\logging\log4j\log4j-to-slf4j\2.21.1\log4j-to-slf4j-2.21.1.jar;C:\Users\cveti\.m2\repository\org\apache\logging\log4j\log4j-api\2.21.1\log4j-api-2.21.1.jar;C:\Users\cveti\.m2\repository\org\slf4j\jul-to-slf4j\2.0.13\jul-to-slf4j-2.0.13.jar;C:\Users\cveti\.m2\repository\jakarta\annotation\jakarta.annotation-api\2.1.1\jakarta.annotation-api-2.1.1.jar;C:\Users\cveti\.m2\repository\org\yaml\snakeyaml\2.2\snakeyaml-2.2.jar;C:\Users\cveti\.m2\repository\io\lettuce\lettuce-core\6.3.2.RELEASE\lettuce-core-6.3.2.RELEASE.jar;C:\Users\cveti\.m2\repository\io\netty\netty-common\4.1.109.Final\netty-common-4.1.109.Final.jar;C:\Users\cveti\.m2\repository\io\netty\netty-handler\4.1.109.Final\netty-handler-4.1.109.Final.jar;C:\Users\cveti\.m2\repository\io\netty\netty-resolver\4.1.109.Final\netty-resolver-4.1.109.Final.jar;C:\Users\cveti\.m2\repository\io\netty\netty-buffer\4.1.109.Final\netty-buffer-4.1.109.Final.jar;C:\Users\cveti\.m2\repository\io\netty\netty-transport-native-unix-common\4.1.109.Final\netty-transport-native-unix-common-4.1.109.Final.jar;C:\Users\cveti\.m2\repository\io\netty\netty-codec\4.1.109.Final\netty-codec-4.1.109.Final.jar;C:\Users\cveti\.m2\repository\io\netty\netty-transport\4.1.109.Final\netty-transport-4.1.109.Final.jar;C:\Users\cveti\.m2\repository\org\springframework\data\spring-data-redis\3.2.5\spring-data-redis-3.2.5.jar;C:\Users\cveti\.m2\repository\org\springframework\data\spring-data-keyvalue\3.2.5\spring-data-keyvalue-3.2.5.jar;C:\Users\cveti\.m2\repository\org\springframework\data\spring-data-commons\3.2.5\spring-data-commons-3.2.5.jar;C:\Users\cveti\.m2\repository\org\springframework\spring-tx\6.1.6\spring-tx-6.1.6.jar;C:\Users\cveti\.m2\repository\org\springframework\spring-oxm\6.1.6\spring-oxm-6.1.6.jar;C:\Users\cveti\.m2\repository\org\springframework\spring-aop\6.1.6\spring-aop-6.1.6.jar;C:\Users\cveti\.m2\repository\redis\clients\jedis\5.1.2\jedis-5.1.2.jar;C:\Users\cveti\.m2\repository\org\slf4j\slf4j-api\2.0.13\slf4j-api-2.0.13.jar;C:\Users\cveti\.m2\repository\org\json\json\20231013\json-20231013.jar;C:\Users\cveti\.m2\repository\com\google\code\gson\gson\2.10.1\gson-2.10.1.jar;C:\Users\cveti\.m2\repository\org\apache\commons\commons-pool2\2.12.0\commons-pool2-2.12.0.jar;C:\Users\cveti\.m2\repository\org\springframework\boot\spring-boot-starter-actuator\3.3.0\spring-boot-starter-actuator-3.3.0.jar;C:\Users\cveti\.m2\repository\org\springframework\boot\spring-boot-actuator-autoconfigure\3.2.5\spring-boot-actuator-autoconfigure-3.2.5.jar;C:\Users\cveti\.m2\repository\org\springframework\boot\spring-boot-actuator\3.2.5\spring-boot-actuator-3.2.5.jar;C:\Users\cveti\.m2\repository\com\fasterxml\jackson\core\jackson-databind\2.15.4\jackson-databind-2.15.4.jar;C:\Users\cveti\.m2\repository\com\fasterxml\jackson\core\jackson-annotations\2.15.4\jackson-annotations-2.15.4.jar;C:\Users\cveti\.m2\repository\com\fasterxml\jackson\core\jackson-core\2.15.4\jackson-core-2.15.4.jar;C:\Users\cveti\.m2\repository\com\fasterxml\jackson\datatype\jackson-datatype-jsr310\2.15.4\jackson-datatype-jsr310-2.15.4.jar;C:\Users\cveti\.m2\repository\io\micrometer\micrometer-observation\1.12.5\micrometer-observation-1.12.5.jar;C:\Users\cveti\.m2\repository\io\micrometer\micrometer-commons\1.12.5\micrometer-commons-1.12.5.jar;C:\Users\cveti\.m2\repository\io\micrometer\micrometer-jakarta9\1.12.5\micrometer-jakarta9-1.12.5.jar;C:\Users\cveti\.m2\repository\io\micrometer\micrometer-core\1.12.5\micrometer-core-1.12.5.jar;C:\Users\cveti\.m2\repository\org\hdrhistogram\HdrHistogram\2.1.12\HdrHistogram-2.1.12.jar;C:\Users\cveti\.m2\repository\org\latencyutils\LatencyUtils\2.0.3\LatencyUtils-2.0.3.jar;C:\Users\cveti\.m2\repository\org\springdoc\springdoc-openapi-starter-webmvc-ui\2.0.2\springdoc-openapi-starter-webmvc-ui-2.0.2.jar;C:\Users\cveti\.m2\repository\org\springdoc\springdoc-openapi-starter-webmvc-api\2.0.2\springdoc-openapi-starter-webmvc-api-2.0.2.jar;C:\Users\cveti\.m2\repository\org\springdoc\springdoc-openapi-starter-common\2.0.2\springdoc-openapi-starter-common-2.0.2.jar;C:\Users\cveti\.m2\repository\io\swagger\core\v3\swagger-core-jakarta\2.2.7\swagger-core-jakarta-2.2.7.jar;C:\Users\cveti\.m2\repository\org\apache\commons\commons-lang3\3.13.0\commons-lang3-3.13.0.jar;C:\Users\cveti\.m2\repository\io\swagger\core\v3\swagger-annotations-jakarta\2.2.7\swagger-annotations-jakarta-2.2.7.jar;C:\Users\cveti\.m2\repository\io\swagger\core\v3\swagger-models-jakarta\2.2.7\swagger-models-jakarta-2.2.7.jar;C:\Users\cveti\.m2\repository\jakarta\validation\jakarta.validation-api\3.0.2\jakarta.validation-api-3.0.2.jar;C:\Users\cveti\.m2\repository\com\fasterxml\jackson\dataformat\jackson-dataformat-yaml\2.15.4\jackson-dataformat-yaml-2.15.4.jar;C:\Users\cveti\.m2\repository\org\webjars\swagger-ui\4.15.5\swagger-ui-4.15.5.jar;C:\Users\cveti\.m2\repository\org\webjars\webjars-locator-core\0.55\webjars-locator-core-0.55.jar;C:\Users\cveti\.m2\repository\io\github\classgraph\classgraph\4.8.149\classgraph-4.8.149.jar;C:\Users\cveti\.m2\repository\org\springframework\boot\spring-boot-starter-cache\3.2.5\spring-boot-starter-cache-3.2.5.jar;C:\Users\cveti\.m2\repository\org\springframework\spring-context-support\6.1.6\spring-context-support-6.1.6.jar;C:\Users\cveti\.m2\repository\org\springframework\spring-beans\6.1.6\spring-beans-6.1.6.jar;C:\Users\cveti\.m2\repository\org\springframework\spring-context\6.1.6\spring-context-6.1.6.jar;C:\Users\cveti\.m2\repository\org\springframework\boot\spring-boot-starter-web\3.2.5\spring-boot-starter-web-3.2.5.jar;C:\Users\cveti\.m2\repository\org\springframework\boot\spring-boot-starter-json\3.2.5\spring-boot-starter-json-3.2.5.jar;C:\Users\cveti\.m2\repository\com\fasterxml\jackson\datatype\jackson-datatype-jdk8\2.15.4\jackson-datatype-jdk8-2.15.4.jar;C:\Users\cveti\.m2\repository\com\fasterxml\jackson\module\jackson-module-parameter-names\2.15.4\jackson-module-parameter-names-2.15.4.jar;C:\Users\cveti\.m2\repository\org\springframework\boot\spring-boot-starter-tomcat\3.2.5\spring-boot-starter-tomcat-3.2.5.jar;C:\Users\cveti\.m2\repository\org\apache\tomcat\embed\tomcat-embed-core\10.1.20\tomcat-embed-core-10.1.20.jar;C:\Users\cveti\.m2\repository\org\apache\tomcat\embed\tomcat-embed-el\10.1.20\tomcat-embed-el-10.1.20.jar;C:\Users\cveti\.m2\repository\org\apache\tomcat\embed\tomcat-embed-websocket\10.1.20\tomcat-embed-websocket-10.1.20.jar;C:\Users\cveti\.m2\repository\org\springframework\spring-web\6.1.6\spring-web-6.1.6.jar;C:\Users\cveti\.m2\repository\org\springframework\spring-webmvc\6.1.6\spring-webmvc-6.1.6.jar;C:\Users\cveti\.m2\repository\org\springframework\spring-expression\6.1.6\spring-expression-6.1.6.jar;C:\Users\cveti\.m2\repository\org\springframework\boot\spring-boot-starter-test\3.2.5\spring-boot-starter-test-3.2.5.jar;C:\Users\cveti\.m2\repository\org\springframework\boot\spring-boot-test\3.2.5\spring-boot-test-3.2.5.jar;C:\Users\cveti\.m2\repository\org\springframework\boot\spring-boot-test-autoconfigure\3.2.5\spring-boot-test-autoconfigure-3.2.5.jar;C:\Users\cveti\.m2\repository\com\jayway\jsonpath\json-path\2.9.0\json-path-2.9.0.jar;C:\Users\cveti\.m2\repository\jakarta\xml\bind\jakarta.xml.bind-api\4.0.2\jakarta.xml.bind-api-4.0.2.jar;C:\Users\cveti\.m2\repository\jakarta\activation\jakarta.activation-api\2.1.3\jakarta.activation-api-2.1.3.jar;C:\Users\cveti\.m2\repository\net\minidev\json-smart\2.5.1\json-smart-2.5.1.jar;C:\Users\cveti\.m2\repository\net\minidev\accessors-smart\2.5.1\accessors-smart-2.5.1.jar;C:\Users\cveti\.m2\repository\org\ow2\asm\asm\9.6\asm-9.6.jar;C:\Users\cveti\.m2\repository\org\assertj\assertj-core\3.24.2\assertj-core-3.24.2.jar;C:\Users\cveti\.m2\repository\net\bytebuddy\byte-buddy\1.14.13\byte-buddy-1.14.13.jar;C:\Users\cveti\.m2\repository\org\awaitility\awaitility\4.2.1\awaitility-4.2.1.jar;C:\Users\cveti\.m2\repository\org\hamcrest\hamcrest\2.2\hamcrest-2.2.jar;C:\Users\cveti\.m2\repository\org\junit\jupiter\junit-jupiter\5.10.2\junit-jupiter-5.10.2.jar;C:\Users\cveti\.m2\repository\org\junit\jupiter\junit-jupiter-api\5.10.2\junit-jupiter-api-5.10.2.jar;C:\Users\cveti\.m2\repository\org\opentest4j\opentest4j\1.3.0\opentest4j-1.3.0.jar;C:\Users\cveti\.m2\repository\org\junit\platform\junit-platform-commons\1.10.2\junit-platform-commons-1.10.2.jar;C:\Users\cveti\.m2\repository\org\apiguardian\apiguardian-api\1.1.2\apiguardian-api-1.1.2.jar;C:\Users\cveti\.m2\repository\org\junit\jupiter\junit-jupiter-params\5.10.2\junit-jupiter-params-5.10.2.jar;C:\Users\cveti\.m2\repository\org\junit\jupiter\junit-jupiter-engine\5.10.2\junit-jupiter-engine-5.10.2.jar;C:\Users\cveti\.m2\repository\org\junit\platform\junit-platform-engine\1.10.2\junit-platform-engine-1.10.2.jar;C:\Users\cveti\.m2\repository\org\mockito\mockito-core\5.7.0\mockito-core-5.7.0.jar;C:\Users\cveti\.m2\repository\net\bytebuddy\byte-buddy-agent\1.14.13\byte-buddy-agent-1.14.13.jar;C:\Users\cveti\.m2\repository\org\objenesis\objenesis\3.3\objenesis-3.3.jar;C:\Users\cveti\.m2\repository\org\mockito\mockito-junit-jupiter\5.7.0\mockito-junit-jupiter-5.7.0.jar;C:\Users\cveti\.m2\repository\org\skyscreamer\jsonassert\1.5.1\jsonassert-1.5.1.jar;C:\Users\cveti\.m2\repository\com\vaadin\external\google\android-json\0.0.20131108.vaadin1\android-json-0.0.20131108.vaadin1.jar;C:\Users\cveti\.m2\repository\org\springframework\spring-core\6.1.6\spring-core-6.1.6.jar;C:\Users\cveti\.m2\repository\org\springframework\spring-jcl\6.1.6\spring-jcl-6.1.6.jar;C:\Users\cveti\.m2\repository\org\springframework\spring-test\6.1.6\spring-test-6.1.6.jar;C:\Users\cveti\.m2\repository\org\xmlunit\xmlunit-core\2.9.1\xmlunit-core-2.9.1.jar;C:\Users\cveti\.m2\repository\io\projectreactor\reactor-test\3.6.5\reactor-test-3.6.5.jar;C:\Users\cveti\.m2\repository\io\projectreactor\reactor-core\3.6.5\reactor-core-3.6.5.jar;C:\Users\cveti\.m2\repository\org\reactivestreams\reactive-streams\1.0.4\reactive-streams-1.0.4.jar;C:\Users\cveti\.m2\repository\de\codecentric\spring-boot-admin-starter-server\3.2.0\spring-boot-admin-starter-server-3.2.0.jar;C:\Users\cveti\.m2\repository\de\codecentric\spring-boot-admin-server\3.2.0\spring-boot-admin-server-3.2.0.jar;C:\Users\cveti\.m2\repository\org\springframework\boot\spring-boot-starter-webflux\3.2.5\spring-boot-starter-webflux-3.2.5.jar;C:\Users\cveti\.m2\repository\org\springframework\boot\spring-boot-starter-reactor-netty\3.2.5\spring-boot-starter-reactor-netty-3.2.5.jar;C:\Users\cveti\.m2\repository\io\projectreactor\netty\reactor-netty-http\1.1.18\reactor-netty-http-1.1.18.jar;C:\Users\cveti\.m2\repository\io\netty\netty-codec-http\4.1.109.Final\netty-codec-http-4.1.109.Final.jar;C:\Users\cveti\.m2\repository\io\netty\netty-codec-http2\4.1.109.Final\netty-codec-http2-4.1.109.Final.jar;C:\Users\cveti\.m2\repository\io\netty\netty-resolver-dns\4.1.109.Final\netty-resolver-dns-4.1.109.Final.jar;C:\Users\cveti\.m2\repository\io\netty\netty-codec-dns\4.1.109.Final\netty-codec-dns-4.1.109.Final.jar;C:\Users\cveti\.m2\repository\io\netty\netty-resolver-dns-native-macos\4.1.109.Final\netty-resolver-dns-native-macos-4.1.109.Final-osx-x86_64.jar;C:\Users\cveti\.m2\repository\io\netty\netty-resolver-dns-classes-macos\4.1.109.Final\netty-resolver-dns-classes-macos-4.1.109.Final.jar;C:\Users\cveti\.m2\repository\io\netty\netty-transport-native-epoll\4.1.109.Final\netty-transport-native-epoll-4.1.109.Final-linux-x86_64.jar;C:\Users\cveti\.m2\repository\io\netty\netty-transport-classes-epoll\4.1.109.Final\netty-transport-classes-epoll-4.1.109.Final.jar;C:\Users\cveti\.m2\repository\io\projectreactor\netty\reactor-netty-core\1.1.18\reactor-netty-core-1.1.18.jar;C:\Users\cveti\.m2\repository\io\netty\netty-handler-proxy\4.1.109.Final\netty-handler-proxy-4.1.109.Final.jar;C:\Users\cveti\.m2\repository\io\netty\netty-codec-socks\4.1.109.Final\netty-codec-socks-4.1.109.Final.jar;C:\Users\cveti\.m2\repository\org\springframework\spring-webflux\6.1.6\spring-webflux-6.1.6.jar;C:\Users\cveti\.m2\repository\org\springframework\boot\spring-boot-starter-thymeleaf\3.2.5\spring-boot-starter-thymeleaf-3.2.5.jar;C:\Users\cveti\.m2\repository\org\thymeleaf\thymeleaf-spring6\3.1.2.RELEASE\thymeleaf-spring6-3.1.2.RELEASE.jar;C:\Users\cveti\.m2\repository\org\thymeleaf\thymeleaf\3.1.2.RELEASE\thymeleaf-3.1.2.RELEASE.jar;C:\Users\cveti\.m2\repository\org\attoparser\attoparser\2.0.7.RELEASE\attoparser-2.0.7.RELEASE.jar;C:\Users\cveti\.m2\repository\org\unbescape\unbescape\1.1.6.RELEASE\unbescape-1.1.6.RELEASE.jar;C:\Users\cveti\.m2\repository\org\apache\httpcomponents\client5\httpclient5\5.2.3\httpclient5-5.2.3.jar;C:\Users\cveti\.m2\repository\org\apache\httpcomponents\core5\httpcore5\5.2.4\httpcore5-5.2.4.jar;C:\Users\cveti\.m2\repository\org\apache\httpcomponents\core5\httpcore5-h2\5.2.4\httpcore5-h2-5.2.4.jar;C:\Users\cveti\.m2\repository\io\projectreactor\addons\reactor-extra\3.5.1\reactor-extra-3.5.1.jar;C:\Users\cveti\.m2\repository\de\codecentric\spring-boot-admin-server-ui\3.2.0\spring-boot-admin-server-ui-3.2.0.jar;C:\Users\cveti\.m2\repository\de\codecentric\spring-boot-admin-server-cloud\3.2.0\spring-boot-admin-server-cloud-3.2.0.jar;C:\Users\cveti\.m2\repository\de\codecentric\spring-boot-admin-starter-client\3.2.0\spring-boot-admin-starter-client-3.2.0.jar;C:\Users\cveti\.m2\repository\de\codecentric\spring-boot-admin-client\3.2.0\spring-boot-admin-client-3.2.0.jar;"/>
    <property name="java.vm.vendor" value="Oracle Corporation"/>
    <property name="sun.arch.data.model" value="64"/>
    <property name="user.variant" value=""/>
    <property name="java.vendor.url" value="https://java.oracle.com/"/>
    <property name="user.timezone" value="America/Buenos_Aires"/>
    <property name="os.name" value="Windows 11"/>
    <property name="java.vm.specification.version" value="21"/>
    <property name="user.country" value="US"/>
    <property name="sun.java.launcher" value="SUN_STANDARD"/>
    <property name="sun.boot.library.path" value="C:\Program Files\Java\jdk-21\bin"/>
    <property name="sun.java.command" value="C:\Users\cveti\AppData\Local\Temp\surefire11825929839277906466\surefirebooter-20241007202238009_3.jar C:\Users\cveti\AppData\Local\Temp\surefire11825929839277906466 2024-10-07T20-22-37_907-jvmRun1 surefire-20241007202238009_1tmp surefire_0-20241007202238009_2tmp"/>
    <property name="jdk.debug" value="release"/>
    <property name="surefire.test.class.path" value="C:\Users\cveti\Desktop\Max\Meli\UrlShorterMeliBackend\target\test-classes;C:\Users\cveti\Desktop\Max\Meli\UrlShorterMeliBackend\target\classes;C:\Users\cveti\.m2\repository\org\springframework\boot\spring-boot-starter-data-redis\3.3.0\spring-boot-starter-data-redis-3.3.0.jar;C:\Users\cveti\.m2\repository\org\springframework\boot\spring-boot-starter\3.2.5\spring-boot-starter-3.2.5.jar;C:\Users\cveti\.m2\repository\org\springframework\boot\spring-boot\3.2.5\spring-boot-3.2.5.jar;C:\Users\cveti\.m2\repository\org\springframework\boot\spring-boot-autoconfigure\3.2.5\spring-boot-autoconfigure-3.2.5.jar;C:\Users\cveti\.m2\repository\org\springframework\boot\spring-boot-starter-logging\3.2.5\spring-boot-starter-logging-3.2.5.jar;C:\Users\cveti\.m2\repository\ch\qos\logback\logback-classic\1.4.14\logback-classic-1.4.14.jar;C:\Users\cveti\.m2\repository\ch\qos\logback\logback-core\1.4.14\logback-core-1.4.14.jar;C:\Users\cveti\.m2\repository\org\apache\logging\log4j\log4j-to-slf4j\2.21.1\log4j-to-slf4j-2.21.1.jar;C:\Users\cveti\.m2\repository\org\apache\logging\log4j\log4j-api\2.21.1\log4j-api-2.21.1.jar;C:\Users\cveti\.m2\repository\org\slf4j\jul-to-slf4j\2.0.13\jul-to-slf4j-2.0.13.jar;C:\Users\cveti\.m2\repository\jakarta\annotation\jakarta.annotation-api\2.1.1\jakarta.annotation-api-2.1.1.jar;C:\Users\cveti\.m2\repository\org\yaml\snakeyaml\2.2\snakeyaml-2.2.jar;C:\Users\cveti\.m2\repository\io\lettuce\lettuce-core\6.3.2.RELEASE\lettuce-core-6.3.2.RELEASE.jar;C:\Users\cveti\.m2\repository\io\netty\netty-common\4.1.109.Final\netty-common-4.1.109.Final.jar;C:\Users\cveti\.m2\repository\io\netty\netty-handler\4.1.109.Final\netty-handler-4.1.109.Final.jar;C:\Users\cveti\.m2\repository\io\netty\netty-resolver\4.1.109.Final\netty-resolver-4.1.109.Final.jar;C:\Users\cveti\.m2\repository\io\netty\netty-buffer\4.1.109.Final\netty-buffer-4.1.109.Final.jar;C:\Users\cveti\.m2\repository\io\netty\netty-transport-native-unix-common\4.1.109.Final\netty-transport-native-unix-common-4.1.109.Final.jar;C:\Users\cveti\.m2\repository\io\netty\netty-codec\4.1.109.Final\netty-codec-4.1.109.Final.jar;C:\Users\cveti\.m2\repository\io\netty\netty-transport\4.1.109.Final\netty-transport-4.1.109.Final.jar;C:\Users\cveti\.m2\repository\org\springframework\data\spring-data-redis\3.2.5\spring-data-redis-3.2.5.jar;C:\Users\cveti\.m2\repository\org\springframework\data\spring-data-keyvalue\3.2.5\spring-data-keyvalue-3.2.5.jar;C:\Users\cveti\.m2\repository\org\springframework\data\spring-data-commons\3.2.5\spring-data-commons-3.2.5.jar;C:\Users\cveti\.m2\repository\org\springframework\spring-tx\6.1.6\spring-tx-6.1.6.jar;C:\Users\cveti\.m2\repository\org\springframework\spring-oxm\6.1.6\spring-oxm-6.1.6.jar;C:\Users\cveti\.m2\repository\org\springframework\spring-aop\6.1.6\spring-aop-6.1.6.jar;C:\Users\cveti\.m2\repository\redis\clients\jedis\5.1.2\jedis-5.1.2.jar;C:\Users\cveti\.m2\repository\org\slf4j\slf4j-api\2.0.13\slf4j-api-2.0.13.jar;C:\Users\cveti\.m2\repository\org\json\json\20231013\json-20231013.jar;C:\Users\cveti\.m2\repository\com\google\code\gson\gson\2.10.1\gson-2.10.1.jar;C:\Users\cveti\.m2\repository\org\apache\commons\commons-pool2\2.12.0\commons-pool2-2.12.0.jar;C:\Users\cveti\.m2\repository\org\springframework\boot\spring-boot-starter-actuator\3.3.0\spring-boot-starter-actuator-3.3.0.jar;C:\Users\cveti\.m2\repository\org\springframework\boot\spring-boot-actuator-autoconfigure\3.2.5\spring-boot-actuator-autoconfigure-3.2.5.jar;C:\Users\cveti\.m2\repository\org\springframework\boot\spring-boot-actuator\3.2.5\spring-boot-actuator-3.2.5.jar;C:\Users\cveti\.m2\repository\com\fasterxml\jackson\core\jackson-databind\2.15.4\jackson-databind-2.15.4.jar;C:\Users\cveti\.m2\repository\com\fasterxml\jackson\core\jackson-annotations\2.15.4\jackson-annotations-2.15.4.jar;C:\Users\cveti\.m2\repository\com\fasterxml\jackson\core\jackson-core\2.15.4\jackson-core-2.15.4.jar;C:\Users\cveti\.m2\repository\com\fasterxml\jackson\datatype\jackson-datatype-jsr310\2.15.4\jackson-datatype-jsr310-2.15.4.jar;C:\Users\cveti\.m2\repository\io\micrometer\micrometer-observation\1.12.5\micrometer-observation-1.12.5.jar;C:\Users\cveti\.m2\repository\io\micrometer\micrometer-commons\1.12.5\micrometer-commons-1.12.5.jar;C:\Users\cveti\.m2\repository\io\micrometer\micrometer-jakarta9\1.12.5\micrometer-jakarta9-1.12.5.jar;C:\Users\cveti\.m2\repository\io\micrometer\micrometer-core\1.12.5\micrometer-core-1.12.5.jar;C:\Users\cveti\.m2\repository\org\hdrhistogram\HdrHistogram\2.1.12\HdrHistogram-2.1.12.jar;C:\Users\cveti\.m2\repository\org\latencyutils\LatencyUtils\2.0.3\LatencyUtils-2.0.3.jar;C:\Users\cveti\.m2\repository\org\springdoc\springdoc-openapi-starter-webmvc-ui\2.0.2\springdoc-openapi-starter-webmvc-ui-2.0.2.jar;C:\Users\cveti\.m2\repository\org\springdoc\springdoc-openapi-starter-webmvc-api\2.0.2\springdoc-openapi-starter-webmvc-api-2.0.2.jar;C:\Users\cveti\.m2\repository\org\springdoc\springdoc-openapi-starter-common\2.0.2\springdoc-openapi-starter-common-2.0.2.jar;C:\Users\cveti\.m2\repository\io\swagger\core\v3\swagger-core-jakarta\2.2.7\swagger-core-jakarta-2.2.7.jar;C:\Users\cveti\.m2\repository\org\apache\commons\commons-lang3\3.13.0\commons-lang3-3.13.0.jar;C:\Users\cveti\.m2\repository\io\swagger\core\v3\swagger-annotations-jakarta\2.2.7\swagger-annotations-jakarta-2.2.7.jar;C:\Users\cveti\.m2\repository\io\swagger\core\v3\swagger-models-jakarta\2.2.7\swagger-models-jakarta-2.2.7.jar;C:\Users\cveti\.m2\repository\jakarta\validation\jakarta.validation-api\3.0.2\jakarta.validation-api-3.0.2.jar;C:\Users\cveti\.m2\repository\com\fasterxml\jackson\dataformat\jackson-dataformat-yaml\2.15.4\jackson-dataformat-yaml-2.15.4.jar;C:\Users\cveti\.m2\repository\org\webjars\swagger-ui\4.15.5\swagger-ui-4.15.5.jar;C:\Users\cveti\.m2\repository\org\webjars\webjars-locator-core\0.55\webjars-locator-core-0.55.jar;C:\Users\cveti\.m2\repository\io\github\classgraph\classgraph\4.8.149\classgraph-4.8.149.jar;C:\Users\cveti\.m2\repository\org\springframework\boot\spring-boot-starter-cache\3.2.5\spring-boot-starter-cache-3.2.5.jar;C:\Users\cveti\.m2\repository\org\springframework\spring-context-support\6.1.6\spring-context-support-6.1.6.jar;C:\Users\cveti\.m2\repository\org\springframework\spring-beans\6.1.6\spring-beans-6.1.6.jar;C:\Users\cveti\.m2\repository\org\springframework\spring-context\6.1.6\spring-context-6.1.6.jar;C:\Users\cveti\.m2\repository\org\springframework\boot\spring-boot-starter-web\3.2.5\spring-boot-starter-web-3.2.5.jar;C:\Users\cveti\.m2\repository\org\springframework\boot\spring-boot-starter-json\3.2.5\spring-boot-starter-json-3.2.5.jar;C:\Users\cveti\.m2\repository\com\fasterxml\jackson\datatype\jackson-datatype-jdk8\2.15.4\jackson-datatype-jdk8-2.15.4.jar;C:\Users\cveti\.m2\repository\com\fasterxml\jackson\module\jackson-module-parameter-names\2.15.4\jackson-module-parameter-names-2.15.4.jar;C:\Users\cveti\.m2\repository\org\springframework\boot\spring-boot-starter-tomcat\3.2.5\spring-boot-starter-tomcat-3.2.5.jar;C:\Users\cveti\.m2\repository\org\apache\tomcat\embed\tomcat-embed-core\10.1.20\tomcat-embed-core-10.1.20.jar;C:\Users\cveti\.m2\repository\org\apache\tomcat\embed\tomcat-embed-el\10.1.20\tomcat-embed-el-10.1.20.jar;C:\Users\cveti\.m2\repository\org\apache\tomcat\embed\tomcat-embed-websocket\10.1.20\tomcat-embed-websocket-10.1.20.jar;C:\Users\cveti\.m2\repository\org\springframework\spring-web\6.1.6\spring-web-6.1.6.jar;C:\Users\cveti\.m2\repository\org\springframework\spring-webmvc\6.1.6\spring-webmvc-6.1.6.jar;C:\Users\cveti\.m2\repository\org\springframework\spring-expression\6.1.6\spring-expression-6.1.6.jar;C:\Users\cveti\.m2\repository\org\springframework\boot\spring-boot-starter-test\3.2.5\spring-boot-starter-test-3.2.5.jar;C:\Users\cveti\.m2\repository\org\springframework\boot\spring-boot-test\3.2.5\spring-boot-test-3.2.5.jar;C:\Users\cveti\.m2\repository\org\springframework\boot\spring-boot-test-autoconfigure\3.2.5\spring-boot-test-autoconfigure-3.2.5.jar;C:\Users\cveti\.m2\repository\com\jayway\jsonpath\json-path\2.9.0\json-path-2.9.0.jar;C:\Users\cveti\.m2\repository\jakarta\xml\bind\jakarta.xml.bind-api\4.0.2\jakarta.xml.bind-api-4.0.2.jar;C:\Users\cveti\.m2\repository\jakarta\activation\jakarta.activation-api\2.1.3\jakarta.activation-api-2.1.3.jar;C:\Users\cveti\.m2\repository\net\minidev\json-smart\2.5.1\json-smart-2.5.1.jar;C:\Users\cveti\.m2\repository\net\minidev\accessors-smart\2.5.1\accessors-smart-2.5.1.jar;C:\Users\cveti\.m2\repository\org\ow2\asm\asm\9.6\asm-9.6.jar;C:\Users\cveti\.m2\repository\org\assertj\assertj-core\3.24.2\assertj-core-3.24.2.jar;C:\Users\cveti\.m2\repository\net\bytebuddy\byte-buddy\1.14.13\byte-buddy-1.14.13.jar;C:\Users\cveti\.m2\repository\org\awaitility\awaitility\4.2.1\awaitility-4.2.1.jar;C:\Users\cveti\.m2\repository\org\hamcrest\hamcrest\2.2\hamcrest-2.2.jar;C:\Users\cveti\.m2\repository\org\junit\jupiter\junit-jupiter\5.10.2\junit-jupiter-5.10.2.jar;C:\Users\cveti\.m2\repository\org\junit\jupiter\junit-jupiter-api\5.10.2\junit-jupiter-api-5.10.2.jar;C:\Users\cveti\.m2\repository\org\opentest4j\opentest4j\1.3.0\opentest4j-1.3.0.jar;C:\Users\cveti\.m2\repository\org\junit\platform\junit-platform-commons\1.10.2\junit-platform-commons-1.10.2.jar;C:\Users\cveti\.m2\repository\org\apiguardian\apiguardian-api\1.1.2\apiguardian-api-1.1.2.jar;C:\Users\cveti\.m2\repository\org\junit\jupiter\junit-jupiter-params\5.10.2\junit-jupiter-params-5.10.2.jar;C:\Users\cveti\.m2\repository\org\junit\jupiter\junit-jupiter-engine\5.10.2\junit-jupiter-engine-5.10.2.jar;C:\Users\cveti\.m2\repository\org\junit\platform\junit-platform-engine\1.10.2\junit-platform-engine-1.10.2.jar;C:\Users\cveti\.m2\repository\org\mockito\mockito-core\5.7.0\mockito-core-5.7.0.jar;C:\Users\cveti\.m2\repository\net\bytebuddy\byte-buddy-agent\1.14.13\byte-buddy-agent-1.14.13.jar;C:\Users\cveti\.m2\repository\org\objenesis\objenesis\3.3\objenesis-3.3.jar;C:\Users\cveti\.m2\repository\org\mockito\mockito-junit-jupiter\5.7.0\mockito-junit-jupiter-5.7.0.jar;C:\Users\cveti\.m2\repository\org\skyscreamer\jsonassert\1.5.1\jsonassert-1.5.1.jar;C:\Users\cveti\.m2\repository\com\vaadin\external\google\android-json\0.0.20131108.vaadin1\android-json-0.0.20131108.vaadin1.jar;C:\Users\cveti\.m2\repository\org\springframework\spring-core\6.1.6\spring-core-6.1.6.jar;C:\Users\cveti\.m2\repository\org\springframework\spring-jcl\6.1.6\spring-jcl-6.1.6.jar;C:\Users\cveti\.m2\repository\org\springframework\spring-test\6.1.6\spring-test-6.1.6.jar;C:\Users\cveti\.m2\repository\org\xmlunit\xmlunit-core\2.9.1\xmlunit-core-2.9.1.jar;C:\Users\cveti\.m2\repository\io\projectreactor\reactor-test\3.6.5\reactor-test-3.6.5.jar;C:\Users\cveti\.m2\repository\io\projectreactor\reactor-core\3.6.5\reactor-core-3.6.5.jar;C:\Users\cveti\.m2\repository\org\reactivestreams\reactive-streams\1.0.4\reactive-streams-1.0.4.jar;C:\Users\cveti\.m2\repository\de\codecentric\spring-boot-admin-starter-server\3.2.0\spring-boot-admin-starter-server-3.2.0.jar;C:\Users\cveti\.m2\repository\de\codecentric\spring-boot-admin-server\3.2.0\spring-boot-admin-server-3.2.0.jar;C:\Users\cveti\.m2\repository\org\springframework\boot\spring-boot-starter-webflux\3.2.5\spring-boot-starter-webflux-3.2.5.jar;C:\Users\cveti\.m2\repository\org\springframework\boot\spring-boot-starter-reactor-netty\3.2.5\spring-boot-starter-reactor-netty-3.2.5.jar;C:\Users\cveti\.m2\repository\io\projectreactor\netty\reactor-netty-http\1.1.18\reactor-netty-http-1.1.18.jar;C:\Users\cveti\.m2\repository\io\netty\netty-codec-http\4.1.109.Final\netty-codec-http-4.1.109.Final.jar;C:\Users\cveti\.m2\repository\io\netty\netty-codec-http2\4.1.109.Final\netty-codec-http2-4.1.109.Final.jar;C:\Users\cveti\.m2\repository\io\netty\netty-resolver-dns\4.1.109.Final\netty-resolver-dns-4.1.109.Final.jar;C:\Users\cveti\.m2\repository\io\netty\netty-codec-dns\4.1.109.Final\netty-codec-dns-4.1.109.Final.jar;C:\Users\cveti\.m2\repository\io\netty\netty-resolver-dns-native-macos\4.1.109.Final\netty-resolver-dns-native-macos-4.1.109.Final-osx-x86_64.jar;C:\Users\cveti\.m2\repository\io\netty\netty-resolver-dns-classes-macos\4.1.109.Final\netty-resolver-dns-classes-macos-4.1.109.Final.jar;C:\Users\cveti\.m2\repository\io\netty\netty-transport-native-epoll\4.1.109.Final\netty-transport-native-epoll-4.1.109.Final-linux-x86_64.jar;C:\Users\cveti\.m2\repository\io\netty\netty-transport-classes-epoll\4.1.109.Final\netty-transport-classes-epoll-4.1.109.Final.jar;C:\Users\cveti\.m2\repository\io\projectreactor\netty\reactor-netty-core\1.1.18\reactor-netty-core-1.1.18.jar;C:\Users\cveti\.m2\repository\io\netty\netty-handler-proxy\4.1.109.Final\netty-handler-proxy-4.1.109.Final.jar;C:\Users\cveti\.m2\repository\io\netty\netty-codec-socks\4.1.109.Final\netty-codec-socks-4.1.109.Final.jar;C:\Users\cveti\.m2\repository\org\springframework\spring-webflux\6.1.6\spring-webflux-6.1.6.jar;C:\Users\cveti\.m2\repository\org\springframework\boot\spring-boot-starter-thymeleaf\3.2.5\spring-boot-starter-thymeleaf-3.2.5.jar;C:\Users\cveti\.m2\repository\org\thymeleaf\thymeleaf-spring6\3.1.2.RELEASE\thymeleaf-spring6-3.1.2.RELEASE.jar;C:\Users\cveti\.m2\repository\org\thymeleaf\thymeleaf\3.1.2.RELEASE\thymeleaf-3.1.2.RELEASE.jar;C:\Users\cveti\.m2\repository\org\attoparser\attoparser\2.0.7.RELEASE\attoparser-2.0.7.RELEASE.jar;C:\Users\cveti\.m2\repository\org\unbescape\unbescape\1.1.6.RELEASE\unbescape-1.1.6.RELEASE.jar;C:\Users\cveti\.m2\repository\org\apache\httpcomponents\client5\httpclient5\5.2.3\httpclient5-5.2.3.jar;C:\Users\cveti\.m2\repository\org\apache\httpcomponents\core5\httpcore5\5.2.4\httpcore5-5.2.4.jar;C:\Users\cveti\.m2\repository\org\apache\httpcomponents\core5\httpcore5-h2\5.2.4\httpcore5-h2-5.2.4.jar;C:\Users\cveti\.m2\repository\io\projectreactor\addons\reactor-extra\3.5.1\reactor-extra-3.5.1.jar;C:\Users\cveti\.m2\repository\de\codecentric\spring-boot-admin-server-ui\3.2.0\spring-boot-admin-server-ui-3.2.0.jar;C:\Users\cveti\.m2\repository\de\codecentric\spring-boot-admin-server-cloud\3.2.0\spring-boot-admin-server-cloud-3.2.0.jar;C:\Users\cveti\.m2\repository\de\codecentric\spring-boot-admin-starter-client\3.2.0\spring-boot-admin-starter-client-3.2.0.jar;C:\Users\cveti\.m2\repository\de\codecentric\spring-boot-admin-client\3.2.0\spring-boot-admin-client-3.2.0.jar;"/>
    <property name="sun.cpu.endian" value="little"/>
    <property name="user.home" value="C:\Users\cveti"/>
    <property name="user.language" value="en"/>
    <property name="java.specification.vendor" value="Oracle Corporation"/>
    <property name="java.version.date" value="2024-01-16"/>
    <property name="java.home" value="C:\Program Files\Java\jdk-21"/>
    <property name="file.separator" value="\"/>
    <property name="basedir" value="C:\Users\cveti\Desktop\Max\Meli\UrlShorterMeliBackend"/>
    <property name="java.vm.compressedOopsMode" value="Zero based"/>
    <property name="line.separator" value="&#10;"/>
    <property name="java.vm.specification.vendor" value="Oracle Corporation"/>
    <property name="java.specification.name" value="Java Platform API Specification"/>
    <property name="FILE_LOG_CHARSET" value="UTF-8"/>
    <property name="java.awt.headless" value="true"/>
    <property name="surefire.real.class.path" value="C:\Users\cveti\AppData\Local\Temp\surefire11825929839277906466\surefirebooter-20241007202238009_3.jar"/>
    <property name="user.script" value=""/>
    <property name="sun.management.compiler" value="HotSpot 64-Bit Tiered Compilers"/>
    <property name="java.runtime.version" value="21.0.2+13-LTS-58"/>
    <property name="user.name" value="cveti"/>
    <property name="stdout.encoding" value="UTF-8"/>
    <property name="path.separator" value=";"/>
    <property name="os.version" value="10.0"/>
    <property name="java.runtime.name" value="Java(TM) SE Runtime Environment"/>
    <property name="file.encoding" value="UTF-8"/>
    <property name="java.vm.name" value="Java HotSpot(TM) 64-Bit Server VM"/>
    <property name="LOG_FILE" value="meli-url-shortener.log"/>
    <property name="localRepository" value="C:\Users\cveti\.m2\repository"/>
    <property name="java.vendor.url.bug" value="https://bugreport.java.com/bugreport/"/>
    <property name="java.io.tmpdir" value="C:\Users\cveti\AppData\Local\Temp\"/>
    <property name="java.version" value="21.0.2"/>
    <property name="user.dir" value="C:\Users\cveti\Desktop\Max\Meli\UrlShorterMeliBackend"/>
    <property name="os.arch" value="amd64"/>
    <property name="java.vm.specification.name" value="Java Virtual Machine Specification"/>
    <property name="PID" value="8736"/>
    <property name="sun.os.patch.level" value=""/>
    <property name="CONSOLE_LOG_CHARSET" value="UTF-8"/>
    <property name="LOGBACK_ROLLINGPOLICY_MAX_HISTORY" value="5"/>
    <property name="native.encoding" value="UTF-8"/>
    <property name="java.library.path" value="C:\Program Files\Java\jdk-21\bin;C:\WINDOWS\Sun\Java\bin;C:\WINDOWS\system32;C:\WINDOWS;C:\Users\cveti\bin;C:\Users\cveti\AppData\Local\Programs\Git\mingw64\bin;C:\Users\cveti\AppData\Local\Programs\Git\usr\local\bin;C:\Users\cveti\AppData\Local\Programs\Git\usr\bin;C:\Users\cveti\AppData\Local\Programs\Git\usr\bin;C:\Users\cveti\AppData\Local\Programs\Git\mingw64\bin;C:\Users\cveti\AppData\Local\Programs\Git\usr\bin;C:\Users\cveti\bin;C:\Python312\Scripts;C:\Python312;C:\Program Files\Common Files\Oracle\Java\javapath;C:\Program Files (x86)\VMware\VMware Workstation\bin;C:\Program Files (x86)\Common Files\Oracle\Java\javapath;C:\Windows\system32;C:\Windows;C:\Windows\System32\Wbem;C:\Windows\System32\WindowsPowerShell\v1.0;C:\Windows\System32\OpenSSH;C:\Program Files (x86)\NVIDIA Corporation\PhysX\Common;C:\Program Files\NVIDIA Corporation\NVIDIA NvDLISR;C:\Program Files\Microsoft SQL Server\150\Tools\Binn;C:\Program Files\Java\jre1.8.0_361\bin;C:\WINDOWS\system32;C:\WINDOWS;C:\WINDOWS\System32\Wbem;C:\WINDOWS\System32\WindowsPowerShell\v1.0;C:\WINDOWS\System32\OpenSSH;C:\Program Files\Java\jdk-21\bin;C:\Program Files\apache-maven-3.9.4\bin;C:\Program Files\Java\jre1.8.0_361\bin;C:\Program Files\Java\jre1.8.0_361;C:\Program Files\Amazon\AWSCLIV2;C:\Program Files (x86)\MySQL\MySQL Server 8.0\bin;C:\Program Files\MongoDB\Server\7.0\bin;C:\Users\cveti\Desktop\backend project\SAFEWALLET-PRODUCTION\Backend\vault;C:\ProgramData\chocolatey\bin;C:\Program Files\Docker\Docker\resources\bin;C:\Program Files\Go\bin;C:\Program Files\PowerShell\7-preview\preview;C:\Users\cveti\AppData\Local\Programs\Git\cmd;C:\Program Files\nodejs;C:\Program Files\Java\jdk-21\bin;C:\Users\cveti\AppData\Roaming\npm;C:\Program Files\nodejs;C:\Program Files\MySQL\MySQL Shell 8.0\bin;C:\Program Files\Java\jre1.8.0_361\bin\bin;C:\Users\cveti\AppData\Local\Programs\Microsoft VS Code\bin;C:\Program Files\JetBrains\WebStorm 2022.3.4\bin;C:\Users\cveti\AppData\Local\Microsoft\WindowsApps;C:\Program Files\Java\jre1.8.0_361;C:\Users\cveti\.fly\bin;C:\Program Files\MySQL\MySQL Server 8.0\bin;C:\Program Files\MongoDB\Server\7.0\bin;C:\Users\cveti\AppData\Local\Programs\mongosh;C:\Users\cveti\go\bin;C:\Program Files\JetBrains\IntelliJ IDEA 2024.1\bin;C:\Program Files\JetBrains\IntelliJ IDEA Community Edition 2024.1\bin;C:\Program Files\nodejs;C:\Users\cveti\AppData\Roaming\npm;C:\Users\cveti\AppData\Local\JetBrains\Toolbox\scripts;C:\Program Files\JetBrains\IntelliJ IDEA Community Edition 2024.1.4\bin;C:\Program Files\Java\jdk-21\bin;C:\Program Files\Java\jdk-21\bin;C:\Users\cveti\AppData\Roaming\npm;C:\Users\cveti\AppData\Local\Programs\Git\usr\bin\vendor_perl;C:\Users\cveti\AppData\Local\Programs\Git\usr\bin\core_perl;."/>
    <property name="java.vm.info" value="mixed mode, sharing"/>
    <property name="stderr.encoding" value="UTF-8"/>
    <property name="java.vendor" value="Oracle Corporation"/>
    <property name="java.vm.version" value="21.0.2+13-LTS-58"/>
    <property name="sun.io.unicode.encoding" value="UnicodeLittle"/>
    <property name="java.class.version" value="65.0"/>
    <property name="LOGGED_APPLICATION_NAME" value="[MeliUrlShorter] "/>
  </properties>
  <testcase name="disableURL" classname="com.example.MeliUrlShorter.MeliUrlShorterApplicationTests" time="0.812">
    <error message="Cannot get Jedis connection" type="org.springframework.data.redis.RedisConnectionFailureException"><![CDATA[org.springframework.data.redis.RedisConnectionFailureException: Cannot get Jedis connection
	at org.springframework.data.redis.connection.jedis.JedisConnectionFactory.fetchJedisConnector(JedisConnectionFactory.java:873)
	at org.springframework.data.redis.connection.jedis.JedisConnectionFactory.getConnection(JedisConnectionFactory.java:835)
	at org.springframework.data.redis.core.RedisConnectionUtils.fetchConnection(RedisConnectionUtils.java:195)
	at org.springframework.data.redis.core.RedisConnectionUtils.doGetConnection(RedisConnectionUtils.java:144)
	at org.springframework.data.redis.core.RedisConnectionUtils.getConnection(RedisConnectionUtils.java:105)
	at org.springframework.data.redis.core.RedisTemplate.execute(RedisTemplate.java:383)
	at org.springframework.data.redis.core.RedisTemplate.execute(RedisTemplate.java:363)
	at org.springframework.data.redis.core.RedisTemplate.execute(RedisTemplate.java:350)
	at org.springframework.data.redis.core.RedisKeyValueAdapter.put(RedisKeyValueAdapter.java:212)
	at org.springframework.data.keyvalue.core.KeyValueTemplate.lambda$update$1(KeyValueTemplate.java:201)
	at org.springframework.data.keyvalue.core.KeyValueTemplate.execute(KeyValueTemplate.java:314)
	at org.springframework.data.keyvalue.core.KeyValueTemplate.update(KeyValueTemplate.java:201)
	at org.springframework.data.redis.core.RedisKeyValueTemplate.update(RedisKeyValueTemplate.java:166)
	at org.springframework.data.keyvalue.repository.support.SimpleKeyValueRepository.save(SimpleKeyValueRepository.java:76)
	at java.base/jdk.internal.reflect.DirectMethodHandleAccessor.invoke(DirectMethodHandleAccessor.java:103)
	at java.base/java.lang.reflect.Method.invoke(Method.java:580)
	at org.springframework.aop.support.AopUtils.invokeJoinpointUsingReflection(AopUtils.java:354)
	at org.springframework.data.repository.core.support.RepositoryMethodInvoker$RepositoryFragmentMethodInvoker.lambda$new$0(RepositoryMethodInvoker.java:277)
	at org.springframework.data.repository.core.support.RepositoryMethodInvoker.doInvoke(RepositoryMethodInvoker.java:170)
	at org.springframework.data.repository.core.support.RepositoryMethodInvoker.invoke(RepositoryMethodInvoker.java:158)
	at org.springframework.data.repository.core.support.RepositoryComposition$RepositoryFragments.invoke(RepositoryComposition.java:516)
	at org.springframework.data.repository.core.support.RepositoryComposition.invoke(RepositoryComposition.java:285)
	at org.springframework.data.repository.core.support.RepositoryFactorySupport$ImplementationMethodExecutionInterceptor.invoke(RepositoryFactorySupport.java:628)
	at org.springframework.aop.framework.ReflectiveMethodInvocation.proceed(ReflectiveMethodInvocation.java:184)
	at org.springframework.data.repository.core.support.QueryExecutorMethodInterceptor.doInvoke(QueryExecutorMethodInterceptor.java:168)
	at org.springframework.data.repository.core.support.QueryExecutorMethodInterceptor.invoke(QueryExecutorMethodInterceptor.java:143)
	at org.springframework.aop.framework.ReflectiveMethodInvocation.proceed(ReflectiveMethodInvocation.java:184)
	at org.springframework.aop.interceptor.ExposeInvocationInterceptor.invoke(ExposeInvocationInterceptor.java:97)
	at org.springframework.aop.framework.ReflectiveMethodInvocation.proceed(ReflectiveMethodInvocation.java:184)
	at org.springframework.aop.framework.JdkDynamicAopProxy.invoke(JdkDynamicAopProxy.java:223)
	at jdk.proxy2/jdk.proxy2.$Proxy105.save(Unknown Source)
	at java.base/jdk.internal.reflect.DirectMethodHandleAccessor.invoke(DirectMethodHandleAccessor.java:103)
	at java.base/java.lang.reflect.Method.invoke(Method.java:580)
	at org.springframework.aop.support.AopUtils.invokeJoinpointUsingReflection(AopUtils.java:354)
	at org.springframework.aop.framework.ReflectiveMethodInvocation.invokeJoinpoint(ReflectiveMethodInvocation.java:196)
	at org.springframework.aop.framework.ReflectiveMethodInvocation.proceed(ReflectiveMethodInvocation.java:163)
	at org.springframework.dao.support.PersistenceExceptionTranslationInterceptor.invoke(PersistenceExceptionTranslationInterceptor.java:137)
	at org.springframework.aop.framework.ReflectiveMethodInvocation.proceed(ReflectiveMethodInvocation.java:184)
	at org.springframework.aop.framework.JdkDynamicAopProxy.invoke(JdkDynamicAopProxy.java:223)
	at jdk.proxy2/jdk.proxy2.$Proxy105.save(Unknown Source)
	at com.example.MeliUrlShorter.MeliUrlShorterApplicationTests.disableURL(MeliUrlShorterApplicationTests.java:72)
	at java.base/java.lang.reflect.Method.invoke(Method.java:580)
	at java.base/java.util.ArrayList.forEach(ArrayList.java:1596)
	at java.base/java.util.ArrayList.forEach(ArrayList.java:1596)
Caused by: redis.clients.jedis.exceptions.JedisConnectionException: Failed to create socket.
	at redis.clients.jedis.DefaultJedisSocketFactory.createSocket(DefaultJedisSocketFactory.java:118)
	at redis.clients.jedis.Connection.connect(Connection.java:194)
	at redis.clients.jedis.Connection.initializeFromClientConfig(Connection.java:392)
	at redis.clients.jedis.Connection.<init>(Connection.java:67)
	at redis.clients.jedis.Jedis.<init>(Jedis.java:220)
	at redis.clients.jedis.JedisFactory.makeObject(JedisFactory.java:170)
	at org.apache.commons.pool2.impl.GenericObjectPool.create(GenericObjectPool.java:566)
	at org.apache.commons.pool2.impl.GenericObjectPool.borrowObject(GenericObjectPool.java:306)
	at org.apache.commons.pool2.impl.GenericObjectPool.borrowObject(GenericObjectPool.java:233)
	at redis.clients.jedis.util.Pool.getResource(Pool.java:38)
	at redis.clients.jedis.JedisPool.getResource(JedisPool.java:378)
	at redis.clients.jedis.JedisPool.getResource(JedisPool.java:17)
	at org.springframework.data.redis.connection.jedis.JedisConnectionFactory.fetchJedisConnector(JedisConnectionFactory.java:863)
	... 43 more
Caused by: java.net.UnknownHostException: No such host is known (redis-17196.c309.us-east-2-1.ec2.redns.redis-cloud.com)
	at java.base/java.net.Inet6AddressImpl.lookupAllHostAddr(Native Method)
	at java.base/java.net.Inet6AddressImpl.lookupAllHostAddr(Inet6AddressImpl.java:52)
	at java.base/java.net.InetAddress$PlatformResolver.lookupByName(InetAddress.java:1211)
	at java.base/java.net.InetAddress.getAddressesFromNameService(InetAddress.java:1828)
	at java.base/java.net.InetAddress$NameServiceAddresses.get(InetAddress.java:1139)
	at java.base/java.net.InetAddress.getAllByName0(InetAddress.java:1818)
	at java.base/java.net.InetAddress.getAllByName(InetAddress.java:1688)
	at redis.clients.jedis.DefaultJedisSocketFactory.connectToFirstSuccessfulHost(DefaultJedisSocketFactory.java:58)
	at redis.clients.jedis.DefaultJedisSocketFactory.createSocket(DefaultJedisSocketFactory.java:89)
	... 55 more
]]></error>
    <system-out><![CDATA[20:22:38.716 [main] INFO org.springframework.test.context.support.AnnotationConfigContextLoaderUtils -- Could not detect default configuration classes for test class [com.example.MeliUrlShorter.MeliUrlShorterApplicationTests]: MeliUrlShorterApplicationTests does not declare any static, non-private, non-final, nested classes annotated with @Configuration.
20:22:38.810 [main] INFO org.springframework.boot.test.context.SpringBootTestContextBootstrapper -- Found @SpringBootConfiguration com.example.MeliUrlShorter.MeliUrlShorterApplication for test class com.example.MeliUrlShorter.MeliUrlShorterApplicationTests

  .   ____          _            __ _ _
 /\\ / ___'_ __ _ _(_)_ __  __ _ \ \ \ \
( ( )\___ | '_ | '_| | '_ \/ _` | \ \ \ \
 \\/  ___)| |_)| | | | | || (_| |  ) ) ) )
  '  |____| .__|_| |_|_| |_\__, | / / / /
 =========|_|==============|___/=/_/_/_/
 :: Spring Boot ::                (v3.2.5)

2024-10-07T20:22:39.170-03:00  WARN 8736 --- [MeliUrlShorter] [           main] ory$DuplicateJsonObjectContextCustomizer : 

Found multiple occurrences of org.json.JSONObject on the class path:

	jar:file:/C:/Users/cveti/.m2/repository/org/json/json/20231013/json-20231013.jar!/org/json/JSONObject.class
	jar:file:/C:/Users/cveti/.m2/repository/com/vaadin/external/google/android-json/0.0.20131108.vaadin1/android-json-0.0.20131108.vaadin1.jar!/org/json/JSONObject.class

You may wish to exclude one of them to ensure predictable runtime behavior

2024-10-07T20:22:39.184-03:00  INFO 8736 --- [MeliUrlShorter] [           main] c.e.M.MeliUrlShorterApplicationTests     : Starting MeliUrlShorterApplicationTests using Java 21.0.2 with PID 8736 (started by cveti in C:\Users\cveti\Desktop\Max\Meli\UrlShorterMeliBackend)
2024-10-07T20:22:39.184-03:00 DEBUG 8736 --- [MeliUrlShorter] [           main] c.e.M.MeliUrlShorterApplicationTests     : Running with Spring Boot v3.2.5, Spring v6.1.6
2024-10-07T20:22:39.185-03:00  INFO 8736 --- [MeliUrlShorter] [           main] c.e.M.MeliUrlShorterApplicationTests     : No active profile set, falling back to 1 default profile: "default"
2024-10-07T20:22:39.938-03:00  INFO 8736 --- [MeliUrlShorter] [           main] .s.d.r.c.RepositoryConfigurationDelegate : Multiple Spring Data modules found, entering strict repository configuration mode
2024-10-07T20:22:39.939-03:00  INFO 8736 --- [MeliUrlShorter] [           main] .s.d.r.c.RepositoryConfigurationDelegate : Bootstrapping Spring Data Redis repositories in DEFAULT mode.
2024-10-07T20:22:39.950-03:00 DEBUG 8736 --- [MeliUrlShorter] [           main] .s.d.r.c.RepositoryConfigurationDelegate : Scanning for Redis repositories in packages com.example.MeliUrlShorter.config.
2024-10-07T20:22:39.955-03:00 TRACE 8736 --- [MeliUrlShorter] [           main] o.s.d.r.c.RepositoryComponentProvider    : Scanning file [C:\Users\cveti\Desktop\Max\Meli\UrlShorterMeliBackend\target\classes\com\example\MeliUrlShorter\config\CorsConfiguration.class]
2024-10-07T20:22:39.956-03:00 TRACE 8736 --- [MeliUrlShorter] [           main] o.s.d.r.c.RepositoryComponentProvider    : Ignored because not matching any filter: file [C:\Users\cveti\Desktop\Max\Meli\UrlShorterMeliBackend\target\classes\com\example\MeliUrlShorter\config\CorsConfiguration.class]
2024-10-07T20:22:39.956-03:00 TRACE 8736 --- [MeliUrlShorter] [           main] o.s.d.r.c.RepositoryComponentProvider    : Scanning file [C:\Users\cveti\Desktop\Max\Meli\UrlShorterMeliBackend\target\classes\com\example\MeliUrlShorter\config\RedisConfiguration.class]
2024-10-07T20:22:39.956-03:00 TRACE 8736 --- [MeliUrlShorter] [           main] o.s.d.r.c.RepositoryComponentProvider    : Ignored because not matching any filter: file [C:\Users\cveti\Desktop\Max\Meli\UrlShorterMeliBackend\target\classes\com\example\MeliUrlShorter\config\RedisConfiguration.class]
2024-10-07T20:22:39.956-03:00 TRACE 8736 --- [MeliUrlShorter] [           main] o.s.d.r.c.RepositoryComponentProvider    : Scanning file [C:\Users\cveti\Desktop\Max\Meli\UrlShorterMeliBackend\target\classes\com\example\MeliUrlShorter\config\SwaggerConfig.class]
2024-10-07T20:22:39.956-03:00 TRACE 8736 --- [MeliUrlShorter] [           main] o.s.d.r.c.RepositoryComponentProvider    : Ignored because not matching any filter: file [C:\Users\cveti\Desktop\Max\Meli\UrlShorterMeliBackend\target\classes\com\example\MeliUrlShorter\config\SwaggerConfig.class]
2024-10-07T20:22:39.957-03:00  INFO 8736 --- [MeliUrlShorter] [           main] .s.d.r.c.RepositoryConfigurationDelegate : Finished Spring Data repository scanning in 5 ms. Found 0 Redis repository interfaces.
2024-10-07T20:22:40.360-03:00  INFO 8736 --- [MeliUrlShorter] [           main] .s.d.r.c.RepositoryConfigurationDelegate : Multiple Spring Data modules found, entering strict repository configuration mode
2024-10-07T20:22:40.361-03:00  INFO 8736 --- [MeliUrlShorter] [           main] .s.d.r.c.RepositoryConfigurationDelegate : Bootstrapping Spring Data Redis repositories in DEFAULT mode.
2024-10-07T20:22:40.371-03:00 DEBUG 8736 --- [MeliUrlShorter] [           main] .s.d.r.c.RepositoryConfigurationDelegate : Scanning for Redis repositories in packages com.example.MeliUrlShorter.
2024-10-07T20:22:40.375-03:00 TRACE 8736 --- [MeliUrlShorter] [           main] o.s.d.r.c.RepositoryComponentProvider    : Scanning file [C:\Users\cveti\Desktop\Max\Meli\UrlShorterMeliBackend\target\test-classes\com\example\MeliUrlShorter\MeliUrlShorterApplicationTests.class]
2024-10-07T20:22:40.375-03:00 TRACE 8736 --- [MeliUrlShorter] [           main] o.s.d.r.c.RepositoryComponentProvider    : Ignored because not matching any filter: file [C:\Users\cveti\Desktop\Max\Meli\UrlShorterMeliBackend\target\test-classes\com\example\MeliUrlShorter\MeliUrlShorterApplicationTests.class]
2024-10-07T20:22:40.375-03:00 TRACE 8736 --- [MeliUrlShorter] [           main] o.s.d.r.c.RepositoryComponentProvider    : Scanning file [C:\Users\cveti\Desktop\Max\Meli\UrlShorterMeliBackend\target\classes\com\example\MeliUrlShorter\bussines\metrics\UrlShortCustomMetrics.class]
2024-10-07T20:22:40.375-03:00 TRACE 8736 --- [MeliUrlShorter] [           main] o.s.d.r.c.RepositoryComponentProvider    : Ignored because not matching any filter: file [C:\Users\cveti\Desktop\Max\Meli\UrlShorterMeliBackend\target\classes\com\example\MeliUrlShorter\bussines\metrics\UrlShortCustomMetrics.class]
2024-10-07T20:22:40.375-03:00 TRACE 8736 --- [MeliUrlShorter] [           main] o.s.d.r.c.RepositoryComponentProvider    : Scanning file [C:\Users\cveti\Desktop\Max\Meli\UrlShorterMeliBackend\target\classes\com\example\MeliUrlShorter\bussines\url\exception\URLBadRequestException.class]
2024-10-07T20:22:40.375-03:00 TRACE 8736 --- [MeliUrlShorter] [           main] o.s.d.r.c.RepositoryComponentProvider    : Ignored because not matching any filter: file [C:\Users\cveti\Desktop\Max\Meli\UrlShorterMeliBackend\target\classes\com\example\MeliUrlShorter\bussines\url\exception\URLBadRequestException.class]
2024-10-07T20:22:40.375-03:00 TRACE 8736 --- [MeliUrlShorter] [           main] o.s.d.r.c.RepositoryComponentProvider    : Scanning file [C:\Users\cveti\Desktop\Max\Meli\UrlShorterMeliBackend\target\classes\com\example\MeliUrlShorter\bussines\url\exception\URLNotFoundException.class]
2024-10-07T20:22:40.375-03:00 TRACE 8736 --- [MeliUrlShorter] [           main] o.s.d.r.c.RepositoryComponentProvider    : Ignored because not matching any filter: file [C:\Users\cveti\Desktop\Max\Meli\UrlShorterMeliBackend\target\classes\com\example\MeliUrlShorter\bussines\url\exception\URLNotFoundException.class]
2024-10-07T20:22:40.376-03:00 TRACE 8736 --- [MeliUrlShorter] [           main] o.s.d.r.c.RepositoryComponentProvider    : Scanning file [C:\Users\cveti\Desktop\Max\Meli\UrlShorterMeliBackend\target\classes\com\example\MeliUrlShorter\bussines\url\model\Url.class]
2024-10-07T20:22:40.376-03:00 TRACE 8736 --- [MeliUrlShorter] [           main] o.s.d.r.c.RepositoryComponentProvider    : Ignored because not matching any filter: file [C:\Users\cveti\Desktop\Max\Meli\UrlShorterMeliBackend\target\classes\com\example\MeliUrlShorter\bussines\url\model\Url.class]
2024-10-07T20:22:40.376-03:00 TRACE 8736 --- [MeliUrlShorter] [           main] o.s.d.r.c.RepositoryComponentProvider    : Scanning file [C:\Users\cveti\Desktop\Max\Meli\UrlShorterMeliBackend\target\classes\com\example\MeliUrlShorter\bussines\url\service\IShortMeli.class]
2024-10-07T20:22:40.376-03:00 TRACE 8736 --- [MeliUrlShorter] [           main] o.s.d.r.c.RepositoryComponentProvider    : Ignored because not matching any filter: file [C:\Users\cveti\Desktop\Max\Meli\UrlShorterMeliBackend\target\classes\com\example\MeliUrlShorter\bussines\url\service\IShortMeli.class]
2024-10-07T20:22:40.376-03:00 TRACE 8736 --- [MeliUrlShorter] [           main] o.s.d.r.c.RepositoryComponentProvider    : Scanning file [C:\Users\cveti\Desktop\Max\Meli\UrlShorterMeliBackend\target\classes\com\example\MeliUrlShorter\bussines\url\service\mapper\IUrlMapper.class]
2024-10-07T20:22:40.376-03:00 TRACE 8736 --- [MeliUrlShorter] [           main] o.s.d.r.c.RepositoryComponentProvider    : Ignored because not matching any filter: file [C:\Users\cveti\Desktop\Max\Meli\UrlShorterMeliBackend\target\classes\com\example\MeliUrlShorter\bussines\url\service\mapper\IUrlMapper.class]
2024-10-07T20:22:40.376-03:00 TRACE 8736 --- [MeliUrlShorter] [           main] o.s.d.r.c.RepositoryComponentProvider    : Scanning file [C:\Users\cveti\Desktop\Max\Meli\UrlShorterMeliBackend\target\classes\com\example\MeliUrlShorter\bussines\url\service\mapper\RequestUrlToUrlMapper.class]
2024-10-07T20:22:40.377-03:00 TRACE 8736 --- [MeliUrlShorter] [           main] o.s.d.r.c.RepositoryComponentProvider    : Ignored because not matching any filter: file [C:\Users\cveti\Desktop\Max\Meli\UrlShorterMeliBackend\target\classes\com\example\MeliUrlShorter\bussines\url\service\mapper\RequestUrlToUrlMapper.class]
2024-10-07T20:22:40.377-03:00 TRACE 8736 --- [MeliUrlShorter] [           main] o.s.d.r.c.RepositoryComponentProvider    : Scanning file [C:\Users\cveti\Desktop\Max\Meli\UrlShorterMeliBackend\target\classes\com\example\MeliUrlShorter\bussines\url\service\ShortMeliService.class]
2024-10-07T20:22:40.378-03:00 TRACE 8736 --- [MeliUrlShorter] [           main] o.s.d.r.c.RepositoryComponentProvider    : Ignored because not matching any filter: file [C:\Users\cveti\Desktop\Max\Meli\UrlShorterMeliBackend\target\classes\com\example\MeliUrlShorter\bussines\url\service\ShortMeliService.class]
2024-10-07T20:22:40.378-03:00 TRACE 8736 --- [MeliUrlShorter] [           main] o.s.d.r.c.RepositoryComponentProvider    : Scanning file [C:\Users\cveti\Desktop\Max\Meli\UrlShorterMeliBackend\target\classes\com\example\MeliUrlShorter\config\CorsConfiguration.class]
2024-10-07T20:22:40.378-03:00 TRACE 8736 --- [MeliUrlShorter] [           main] o.s.d.r.c.RepositoryComponentProvider    : Ignored because not matching any filter: file [C:\Users\cveti\Desktop\Max\Meli\UrlShorterMeliBackend\target\classes\com\example\MeliUrlShorter\config\CorsConfiguration.class]
2024-10-07T20:22:40.378-03:00 TRACE 8736 --- [MeliUrlShorter] [           main] o.s.d.r.c.RepositoryComponentProvider    : Scanning file [C:\Users\cveti\Desktop\Max\Meli\UrlShorterMeliBackend\target\classes\com\example\MeliUrlShorter\config\RedisConfiguration.class]
2024-10-07T20:22:40.378-03:00 TRACE 8736 --- [MeliUrlShorter] [           main] o.s.d.r.c.RepositoryComponentProvider    : Ignored because not matching any filter: file [C:\Users\cveti\Desktop\Max\Meli\UrlShorterMeliBackend\target\classes\com\example\MeliUrlShorter\config\RedisConfiguration.class]
2024-10-07T20:22:40.378-03:00 TRACE 8736 --- [MeliUrlShorter] [           main] o.s.d.r.c.RepositoryComponentProvider    : Scanning file [C:\Users\cveti\Desktop\Max\Meli\UrlShorterMeliBackend\target\classes\com\example\MeliUrlShorter\config\SwaggerConfig.class]
2024-10-07T20:22:40.378-03:00 TRACE 8736 --- [MeliUrlShorter] [           main] o.s.d.r.c.RepositoryComponentProvider    : Ignored because not matching any filter: file [C:\Users\cveti\Desktop\Max\Meli\UrlShorterMeliBackend\target\classes\com\example\MeliUrlShorter\config\SwaggerConfig.class]
2024-10-07T20:22:40.378-03:00 TRACE 8736 --- [MeliUrlShorter] [           main] o.s.d.r.c.RepositoryComponentProvider    : Scanning file [C:\Users\cveti\Desktop\Max\Meli\UrlShorterMeliBackend\target\classes\com\example\MeliUrlShorter\MeliUrlShorterApplication.class]
2024-10-07T20:22:40.378-03:00 TRACE 8736 --- [MeliUrlShorter] [           main] o.s.d.r.c.RepositoryComponentProvider    : Ignored because not matching any filter: file [C:\Users\cveti\Desktop\Max\Meli\UrlShorterMeliBackend\target\classes\com\example\MeliUrlShorter\MeliUrlShorterApplication.class]
2024-10-07T20:22:40.379-03:00 TRACE 8736 --- [MeliUrlShorter] [           main] o.s.d.r.c.RepositoryComponentProvider    : Scanning file [C:\Users\cveti\Desktop\Max\Meli\UrlShorterMeliBackend\target\classes\com\example\MeliUrlShorter\persistance\IMeliPersistance.class]
2024-10-07T20:22:40.380-03:00 DEBUG 8736 --- [MeliUrlShorter] [           main] o.s.d.r.c.RepositoryComponentProvider    : Identified candidate component class: file [C:\Users\cveti\Desktop\Max\Meli\UrlShorterMeliBackend\target\classes\com\example\MeliUrlShorter\persistance\IMeliPersistance.class]
2024-10-07T20:22:40.380-03:00 TRACE 8736 --- [MeliUrlShorter] [           main] o.s.d.r.c.RepositoryComponentProvider    : Scanning file [C:\Users\cveti\Desktop\Max\Meli\UrlShorterMeliBackend\target\classes\com\example\MeliUrlShorter\presentation\controller\advisor\GlobalHandlerExceptions.class]
2024-10-07T20:22:40.380-03:00 TRACE 8736 --- [MeliUrlShorter] [           main] o.s.d.r.c.RepositoryComponentProvider    : Ignored because not matching any filter: file [C:\Users\cveti\Desktop\Max\Meli\UrlShorterMeliBackend\target\classes\com\example\MeliUrlShorter\presentation\controller\advisor\GlobalHandlerExceptions.class]
2024-10-07T20:22:40.381-03:00 TRACE 8736 --- [MeliUrlShorter] [           main] o.s.d.r.c.RepositoryComponentProvider    : Scanning file [C:\Users\cveti\Desktop\Max\Meli\UrlShorterMeliBackend\target\classes\com\example\MeliUrlShorter\presentation\controller\req\RequestUrl.class]
2024-10-07T20:22:40.381-03:00 TRACE 8736 --- [MeliUrlShorter] [           main] o.s.d.r.c.RepositoryComponentProvider    : Ignored because not matching any filter: file [C:\Users\cveti\Desktop\Max\Meli\UrlShorterMeliBackend\target\classes\com\example\MeliUrlShorter\presentation\controller\req\RequestUrl.class]
2024-10-07T20:22:40.381-03:00 TRACE 8736 --- [MeliUrlShorter] [           main] o.s.d.r.c.RepositoryComponentProvider    : Scanning file [C:\Users\cveti\Desktop\Max\Meli\UrlShorterMeliBackend\target\classes\com\example\MeliUrlShorter\presentation\controller\ShortMeliController.class]
2024-10-07T20:22:40.381-03:00 TRACE 8736 --- [MeliUrlShorter] [           main] o.s.d.r.c.RepositoryComponentProvider    : Ignored because not matching any filter: file [C:\Users\cveti\Desktop\Max\Meli\UrlShorterMeliBackend\target\classes\com\example\MeliUrlShorter\presentation\controller\ShortMeliController.class]
2024-10-07T20:22:40.507-03:00 TRACE 8736 --- [MeliUrlShorter] [           main] .s.d.r.c.RepositoryConfigurationDelegate : Spring Data Redis - Registering repository: IMeliPersistance - Interface: com.example.MeliUrlShorter.persistance.IMeliPersistance - Factory: org.springframework.data.redis.repository.support.RedisRepositoryFactoryBean
2024-10-07T20:22:40.511-03:00  INFO 8736 --- [MeliUrlShorter] [           main] .s.d.r.c.RepositoryConfigurationDelegate : Finished Spring Data repository scanning in 138 ms. Found 1 Redis repository interface.
2024-10-07T20:22:40.979-03:00 DEBUG 8736 --- [MeliUrlShorter] [           main] o.s.data.convert.CustomConversions       : Adding converter from class java.lang.String to class [B as writing converter
2024-10-07T20:22:40.980-03:00 DEBUG 8736 --- [MeliUrlShorter] [           main] o.s.data.convert.CustomConversions       : Adding converter from class [B to class java.lang.String as reading converter
2024-10-07T20:22:40.980-03:00 DEBUG 8736 --- [MeliUrlShorter] [           main] o.s.data.convert.CustomConversions       : Adding converter from class java.lang.Number to class [B as writing converter
2024-10-07T20:22:40.980-03:00 DEBUG 8736 --- [MeliUrlShorter] [           main] o.s.data.convert.CustomConversions       : Adding converter from class [B to class java.lang.Number as reading converter
2024-10-07T20:22:40.980-03:00 DEBUG 8736 --- [MeliUrlShorter] [           main] o.s.data.convert.CustomConversions       : Adding converter from class java.lang.Enum to class [B as writing converter
2024-10-07T20:22:40.980-03:00 DEBUG 8736 --- [MeliUrlShorter] [           main] o.s.data.convert.CustomConversions       : Adding converter from class [B to class java.lang.Enum as reading converter
2024-10-07T20:22:40.980-03:00 DEBUG 8736 --- [MeliUrlShorter] [           main] o.s.data.convert.CustomConversions       : Adding converter from class java.lang.Boolean to class [B as writing converter
2024-10-07T20:22:40.980-03:00 DEBUG 8736 --- [MeliUrlShorter] [           main] o.s.data.convert.CustomConversions       : Adding converter from class [B to class java.lang.Boolean as reading converter
2024-10-07T20:22:40.980-03:00 DEBUG 8736 --- [MeliUrlShorter] [           main] o.s.data.convert.CustomConversions       : Adding converter from class java.util.Date to class [B as writing converter
2024-10-07T20:22:40.980-03:00 DEBUG 8736 --- [MeliUrlShorter] [           main] o.s.data.convert.CustomConversions       : Adding converter from class [B to class java.util.Date as reading converter
2024-10-07T20:22:40.981-03:00 DEBUG 8736 --- [MeliUrlShorter] [           main] o.s.data.convert.CustomConversions       : Adding converter from class java.util.UUID to class [B as writing converter
2024-10-07T20:22:40.981-03:00 DEBUG 8736 --- [MeliUrlShorter] [           main] o.s.data.convert.CustomConversions       : Adding converter from class [B to class java.util.UUID as reading converter
2024-10-07T20:22:40.981-03:00 DEBUG 8736 --- [MeliUrlShorter] [           main] o.s.data.convert.CustomConversions       : Adding converter from class java.time.LocalDateTime to class [B as reading converter
2024-10-07T20:22:40.981-03:00 DEBUG 8736 --- [MeliUrlShorter] [           main] o.s.data.convert.CustomConversions       : Adding converter from class [B to class java.time.LocalDateTime as reading converter
2024-10-07T20:22:40.981-03:00 DEBUG 8736 --- [MeliUrlShorter] [           main] o.s.data.convert.CustomConversions       : Adding converter from class java.time.LocalDate to class [B as reading converter
2024-10-07T20:22:40.981-03:00 DEBUG 8736 --- [MeliUrlShorter] [           main] o.s.data.convert.CustomConversions       : Adding converter from class [B to class java.time.LocalDate as reading converter
2024-10-07T20:22:40.981-03:00 DEBUG 8736 --- [MeliUrlShorter] [           main] o.s.data.convert.CustomConversions       : Adding converter from class java.time.LocalTime to class [B as reading converter
2024-10-07T20:22:40.981-03:00 DEBUG 8736 --- [MeliUrlShorter] [           main] o.s.data.convert.CustomConversions       : Adding converter from class [B to class java.time.LocalTime as reading converter
2024-10-07T20:22:40.981-03:00 DEBUG 8736 --- [MeliUrlShorter] [           main] o.s.data.convert.CustomConversions       : Adding converter from class java.time.ZonedDateTime to class [B as reading converter
2024-10-07T20:22:40.981-03:00 DEBUG 8736 --- [MeliUrlShorter] [           main] o.s.data.convert.CustomConversions       : Adding converter from class [B to class java.time.ZonedDateTime as reading converter
2024-10-07T20:22:40.981-03:00 DEBUG 8736 --- [MeliUrlShorter] [           main] o.s.data.convert.CustomConversions       : Adding converter from class java.time.Instant to class [B as reading converter
2024-10-07T20:22:40.982-03:00 DEBUG 8736 --- [MeliUrlShorter] [           main] o.s.data.convert.CustomConversions       : Adding converter from class [B to class java.time.Instant as reading converter
2024-10-07T20:22:40.982-03:00 DEBUG 8736 --- [MeliUrlShorter] [           main] o.s.data.convert.CustomConversions       : Adding converter from class java.time.ZoneId to class [B as reading converter
2024-10-07T20:22:40.982-03:00 DEBUG 8736 --- [MeliUrlShorter] [           main] o.s.data.convert.CustomConversions       : Adding converter from class [B to class java.time.ZoneId as reading converter
2024-10-07T20:22:40.982-03:00 DEBUG 8736 --- [MeliUrlShorter] [           main] o.s.data.convert.CustomConversions       : Adding converter from class java.time.Period to class [B as reading converter
2024-10-07T20:22:40.982-03:00 DEBUG 8736 --- [MeliUrlShorter] [           main] o.s.data.convert.CustomConversions       : Adding converter from class [B to class java.time.Period as reading converter
2024-10-07T20:22:40.982-03:00 DEBUG 8736 --- [MeliUrlShorter] [           main] o.s.data.convert.CustomConversions       : Adding converter from class java.time.Duration to class [B as reading converter
2024-10-07T20:22:40.982-03:00 DEBUG 8736 --- [MeliUrlShorter] [           main] o.s.data.convert.CustomConversions       : Adding converter from class [B to class java.time.Duration as reading converter
2024-10-07T20:22:40.982-03:00 DEBUG 8736 --- [MeliUrlShorter] [           main] o.s.data.convert.CustomConversions       : Adding converter from class java.time.OffsetDateTime to class [B as reading converter
2024-10-07T20:22:40.982-03:00 DEBUG 8736 --- [MeliUrlShorter] [           main] o.s.data.convert.CustomConversions       : Adding converter from class [B to class java.time.OffsetDateTime as reading converter
2024-10-07T20:22:40.982-03:00 DEBUG 8736 --- [MeliUrlShorter] [           main] o.s.data.convert.CustomConversions       : Adding converter from class java.time.OffsetTime to class [B as reading converter
2024-10-07T20:22:40.982-03:00 DEBUG 8736 --- [MeliUrlShorter] [           main] o.s.data.convert.CustomConversions       : Adding converter from class [B to class java.time.OffsetTime as reading converter
2024-10-07T20:22:40.983-03:00 DEBUG 8736 --- [MeliUrlShorter] [           main] o.s.data.convert.CustomConversions       : Adding converter from class java.util.Date to class java.time.LocalDateTime as reading converter
2024-10-07T20:22:40.983-03:00 DEBUG 8736 --- [MeliUrlShorter] [           main] o.s.data.convert.CustomConversions       : Adding converter from class java.time.LocalDateTime to class java.util.Date as writing converter
2024-10-07T20:22:40.983-03:00 DEBUG 8736 --- [MeliUrlShorter] [           main] o.s.data.convert.CustomConversions       : Adding converter from class java.util.Date to class java.time.LocalDate as reading converter
2024-10-07T20:22:40.983-03:00 DEBUG 8736 --- [MeliUrlShorter] [           main] o.s.data.convert.CustomConversions       : Adding converter from class java.time.LocalDate to class java.util.Date as writing converter
2024-10-07T20:22:40.983-03:00 DEBUG 8736 --- [MeliUrlShorter] [           main] o.s.data.convert.CustomConversions       : Adding converter from class java.util.Date to class java.time.LocalTime as reading converter
2024-10-07T20:22:40.983-03:00 DEBUG 8736 --- [MeliUrlShorter] [           main] o.s.data.convert.CustomConversions       : Adding converter from class java.time.LocalTime to class java.util.Date as writing converter
2024-10-07T20:22:40.983-03:00 DEBUG 8736 --- [MeliUrlShorter] [           main] o.s.data.convert.CustomConversions       : Adding converter from class java.util.Date to class java.time.Instant as reading converter
2024-10-07T20:22:40.983-03:00 DEBUG 8736 --- [MeliUrlShorter] [           main] o.s.data.convert.CustomConversions       : Adding converter from class java.time.Instant to class java.util.Date as writing converter
2024-10-07T20:22:40.983-03:00 DEBUG 8736 --- [MeliUrlShorter] [           main] o.s.data.convert.CustomConversions       : Adding converter from class java.time.LocalDateTime to class java.time.Instant as reading converter
2024-10-07T20:22:40.983-03:00 DEBUG 8736 --- [MeliUrlShorter] [           main] o.s.data.convert.CustomConversions       : Adding converter from class java.time.Instant to class java.time.LocalDateTime as reading converter
2024-10-07T20:22:40.983-03:00 DEBUG 8736 --- [MeliUrlShorter] [           main] o.s.data.convert.CustomConversions       : Adding converter from class java.time.ZoneId to class java.lang.String as writing converter
2024-10-07T20:22:40.984-03:00 DEBUG 8736 --- [MeliUrlShorter] [           main] o.s.data.convert.CustomConversions       : Adding converter from class java.lang.String to class java.time.ZoneId as reading converter
2024-10-07T20:22:40.984-03:00 DEBUG 8736 --- [MeliUrlShorter] [           main] o.s.data.convert.CustomConversions       : Adding converter from class java.time.Duration to class java.lang.String as writing converter
2024-10-07T20:22:40.984-03:00 DEBUG 8736 --- [MeliUrlShorter] [           main] o.s.data.convert.CustomConversions       : Adding converter from class java.lang.String to class java.time.Duration as reading converter
2024-10-07T20:22:40.984-03:00 DEBUG 8736 --- [MeliUrlShorter] [           main] o.s.data.convert.CustomConversions       : Adding converter from class java.time.Period to class java.lang.String as writing converter
2024-10-07T20:22:40.984-03:00 DEBUG 8736 --- [MeliUrlShorter] [           main] o.s.data.convert.CustomConversions       : Adding converter from class java.lang.String to class java.time.Period as reading converter
2024-10-07T20:22:40.984-03:00 DEBUG 8736 --- [MeliUrlShorter] [           main] o.s.data.convert.CustomConversions       : Adding converter from class java.lang.String to class java.time.LocalDate as reading converter
2024-10-07T20:22:40.984-03:00 DEBUG 8736 --- [MeliUrlShorter] [           main] o.s.data.convert.CustomConversions       : Adding converter from class java.lang.String to class java.time.LocalDateTime as reading converter
2024-10-07T20:22:40.984-03:00 DEBUG 8736 --- [MeliUrlShorter] [           main] o.s.data.convert.CustomConversions       : Adding converter from class java.lang.String to class java.time.Instant as reading converter
2024-10-07T20:22:40.986-03:00 DEBUG 8736 --- [MeliUrlShorter] [           main] o.s.data.convert.CustomConversions       : Adding converter from class java.lang.String to class [B as writing converter
2024-10-07T20:22:40.986-03:00 DEBUG 8736 --- [MeliUrlShorter] [           main] o.s.data.convert.CustomConversions       : Adding converter from class [B to class java.lang.String as reading converter
2024-10-07T20:22:40.986-03:00 DEBUG 8736 --- [MeliUrlShorter] [           main] o.s.data.convert.CustomConversions       : Adding converter from class java.lang.Number to class [B as writing converter
2024-10-07T20:22:40.986-03:00 DEBUG 8736 --- [MeliUrlShorter] [           main] o.s.data.convert.CustomConversions       : Adding converter from class [B to class java.lang.Number as reading converter
2024-10-07T20:22:40.986-03:00 DEBUG 8736 --- [MeliUrlShorter] [           main] o.s.data.convert.CustomConversions       : Adding converter from class java.lang.Enum to class [B as writing converter
2024-10-07T20:22:40.986-03:00 DEBUG 8736 --- [MeliUrlShorter] [           main] o.s.data.convert.CustomConversions       : Adding converter from class [B to class java.lang.Enum as reading converter
2024-10-07T20:22:40.986-03:00 DEBUG 8736 --- [MeliUrlShorter] [           main] o.s.data.convert.CustomConversions       : Adding converter from class java.lang.Boolean to class [B as writing converter
2024-10-07T20:22:40.986-03:00 DEBUG 8736 --- [MeliUrlShorter] [           main] o.s.data.convert.CustomConversions       : Adding converter from class [B to class java.lang.Boolean as reading converter
2024-10-07T20:22:40.986-03:00 DEBUG 8736 --- [MeliUrlShorter] [           main] o.s.data.convert.CustomConversions       : Adding converter from class java.util.Date to class [B as writing converter
2024-10-07T20:22:40.986-03:00 DEBUG 8736 --- [MeliUrlShorter] [           main] o.s.data.convert.CustomConversions       : Adding converter from class [B to class java.util.Date as reading converter
2024-10-07T20:22:40.987-03:00 DEBUG 8736 --- [MeliUrlShorter] [           main] o.s.data.convert.CustomConversions       : Adding converter from class java.util.UUID to class [B as writing converter
2024-10-07T20:22:40.987-03:00 DEBUG 8736 --- [MeliUrlShorter] [           main] o.s.data.convert.CustomConversions       : Adding converter from class [B to class java.util.UUID as reading converter
2024-10-07T20:22:40.987-03:00 DEBUG 8736 --- [MeliUrlShorter] [           main] o.s.data.convert.CustomConversions       : Adding converter from class java.time.LocalDateTime to class [B as reading converter
2024-10-07T20:22:40.987-03:00 DEBUG 8736 --- [MeliUrlShorter] [           main] o.s.data.convert.CustomConversions       : Adding converter from class [B to class java.time.LocalDateTime as reading converter
2024-10-07T20:22:40.987-03:00 DEBUG 8736 --- [MeliUrlShorter] [           main] o.s.data.convert.CustomConversions       : Adding converter from class java.time.LocalDate to class [B as reading converter
2024-10-07T20:22:40.987-03:00 DEBUG 8736 --- [MeliUrlShorter] [           main] o.s.data.convert.CustomConversions       : Adding converter from class [B to class java.time.LocalDate as reading converter
2024-10-07T20:22:40.987-03:00 DEBUG 8736 --- [MeliUrlShorter] [           main] o.s.data.convert.CustomConversions       : Adding converter from class java.time.LocalTime to class [B as reading converter
2024-10-07T20:22:40.987-03:00 DEBUG 8736 --- [MeliUrlShorter] [           main] o.s.data.convert.CustomConversions       : Adding converter from class [B to class java.time.LocalTime as reading converter
2024-10-07T20:22:40.987-03:00 DEBUG 8736 --- [MeliUrlShorter] [           main] o.s.data.convert.CustomConversions       : Adding converter from class java.time.ZonedDateTime to class [B as reading converter
2024-10-07T20:22:40.987-03:00 DEBUG 8736 --- [MeliUrlShorter] [           main] o.s.data.convert.CustomConversions       : Adding converter from class [B to class java.time.ZonedDateTime as reading converter
2024-10-07T20:22:40.987-03:00 DEBUG 8736 --- [MeliUrlShorter] [           main] o.s.data.convert.CustomConversions       : Adding converter from class java.time.Instant to class [B as reading converter
2024-10-07T20:22:40.987-03:00 DEBUG 8736 --- [MeliUrlShorter] [           main] o.s.data.convert.CustomConversions       : Adding converter from class [B to class java.time.Instant as reading converter
2024-10-07T20:22:40.987-03:00 DEBUG 8736 --- [MeliUrlShorter] [           main] o.s.data.convert.CustomConversions       : Adding converter from class java.time.ZoneId to class [B as reading converter
2024-10-07T20:22:40.988-03:00 DEBUG 8736 --- [MeliUrlShorter] [           main] o.s.data.convert.CustomConversions       : Adding converter from class [B to class java.time.ZoneId as reading converter
2024-10-07T20:22:40.988-03:00 DEBUG 8736 --- [MeliUrlShorter] [           main] o.s.data.convert.CustomConversions       : Adding converter from class java.time.Period to class [B as reading converter
2024-10-07T20:22:40.988-03:00 DEBUG 8736 --- [MeliUrlShorter] [           main] o.s.data.convert.CustomConversions       : Adding converter from class [B to class java.time.Period as reading converter
2024-10-07T20:22:40.988-03:00 DEBUG 8736 --- [MeliUrlShorter] [           main] o.s.data.convert.CustomConversions       : Adding converter from class java.time.Duration to class [B as reading converter
2024-10-07T20:22:40.988-03:00 DEBUG 8736 --- [MeliUrlShorter] [           main] o.s.data.convert.CustomConversions       : Adding converter from class [B to class java.time.Duration as reading converter
2024-10-07T20:22:40.988-03:00 DEBUG 8736 --- [MeliUrlShorter] [           main] o.s.data.convert.CustomConversions       : Adding converter from class java.time.OffsetDateTime to class [B as reading converter
2024-10-07T20:22:40.988-03:00 DEBUG 8736 --- [MeliUrlShorter] [           main] o.s.data.convert.CustomConversions       : Adding converter from class [B to class java.time.OffsetDateTime as reading converter
2024-10-07T20:22:40.988-03:00 DEBUG 8736 --- [MeliUrlShorter] [           main] o.s.data.convert.CustomConversions       : Adding converter from class java.time.OffsetTime to class [B as reading converter
2024-10-07T20:22:40.988-03:00 DEBUG 8736 --- [MeliUrlShorter] [           main] o.s.data.convert.CustomConversions       : Adding converter from class [B to class java.time.OffsetTime as reading converter
2024-10-07T20:22:40.988-03:00 DEBUG 8736 --- [MeliUrlShorter] [           main] o.s.data.convert.CustomConversions       : Adding converter from class java.util.Date to class java.time.LocalDateTime as reading converter
2024-10-07T20:22:40.988-03:00 DEBUG 8736 --- [MeliUrlShorter] [           main] o.s.data.convert.CustomConversions       : Adding converter from class java.time.LocalDateTime to class java.util.Date as writing converter
2024-10-07T20:22:40.988-03:00 DEBUG 8736 --- [MeliUrlShorter] [           main] o.s.data.convert.CustomConversions       : Adding converter from class java.util.Date to class java.time.LocalDate as reading converter
2024-10-07T20:22:40.989-03:00 DEBUG 8736 --- [MeliUrlShorter] [           main] o.s.data.convert.CustomConversions       : Adding converter from class java.time.LocalDate to class java.util.Date as writing converter
2024-10-07T20:22:40.989-03:00 DEBUG 8736 --- [MeliUrlShorter] [           main] o.s.data.convert.CustomConversions       : Adding converter from class java.util.Date to class java.time.LocalTime as reading converter
2024-10-07T20:22:40.989-03:00 DEBUG 8736 --- [MeliUrlShorter] [           main] o.s.data.convert.CustomConversions       : Adding converter from class java.time.LocalTime to class java.util.Date as writing converter
2024-10-07T20:22:40.989-03:00 DEBUG 8736 --- [MeliUrlShorter] [           main] o.s.data.convert.CustomConversions       : Adding converter from class java.util.Date to class java.time.Instant as reading converter
2024-10-07T20:22:40.989-03:00 DEBUG 8736 --- [MeliUrlShorter] [           main] o.s.data.convert.CustomConversions       : Adding converter from class java.time.Instant to class java.util.Date as writing converter
2024-10-07T20:22:40.989-03:00 DEBUG 8736 --- [MeliUrlShorter] [           main] o.s.data.convert.CustomConversions       : Adding converter from class java.time.LocalDateTime to class java.time.Instant as reading converter
2024-10-07T20:22:40.989-03:00 DEBUG 8736 --- [MeliUrlShorter] [           main] o.s.data.convert.CustomConversions       : Adding converter from class java.time.Instant to class java.time.LocalDateTime as reading converter
2024-10-07T20:22:40.989-03:00 DEBUG 8736 --- [MeliUrlShorter] [           main] o.s.data.convert.CustomConversions       : Adding converter from class java.time.ZoneId to class java.lang.String as writing converter
2024-10-07T20:22:40.989-03:00 DEBUG 8736 --- [MeliUrlShorter] [           main] o.s.data.convert.CustomConversions       : Adding converter from class java.lang.String to class java.time.ZoneId as reading converter
2024-10-07T20:22:40.989-03:00 DEBUG 8736 --- [MeliUrlShorter] [           main] o.s.data.convert.CustomConversions       : Adding converter from class java.time.Duration to class java.lang.String as writing converter
2024-10-07T20:22:40.989-03:00 DEBUG 8736 --- [MeliUrlShorter] [           main] o.s.data.convert.CustomConversions       : Adding converter from class java.lang.String to class java.time.Duration as reading converter
2024-10-07T20:22:40.989-03:00 DEBUG 8736 --- [MeliUrlShorter] [           main] o.s.data.convert.CustomConversions       : Adding converter from class java.time.Period to class java.lang.String as writing converter
2024-10-07T20:22:40.989-03:00 DEBUG 8736 --- [MeliUrlShorter] [           main] o.s.data.convert.CustomConversions       : Adding converter from class java.lang.String to class java.time.Period as reading converter
2024-10-07T20:22:40.989-03:00 DEBUG 8736 --- [MeliUrlShorter] [           main] o.s.data.convert.CustomConversions       : Adding converter from class java.lang.String to class java.time.LocalDate as reading converter
2024-10-07T20:22:40.989-03:00 DEBUG 8736 --- [MeliUrlShorter] [           main] o.s.data.convert.CustomConversions       : Adding converter from class java.lang.String to class java.time.LocalDateTime as reading converter
2024-10-07T20:22:40.990-03:00 DEBUG 8736 --- [MeliUrlShorter] [           main] o.s.data.convert.CustomConversions       : Adding converter from class java.lang.String to class java.time.Instant as reading converter
2024-10-07T20:22:41.000-03:00 DEBUG 8736 --- [MeliUrlShorter] [           main] o.s.data.convert.CustomConversions       : Adding converter from class java.lang.String to class [B as writing converter
2024-10-07T20:22:41.001-03:00 DEBUG 8736 --- [MeliUrlShorter] [           main] o.s.data.convert.CustomConversions       : Adding converter from class [B to class java.lang.String as reading converter
2024-10-07T20:22:41.001-03:00 DEBUG 8736 --- [MeliUrlShorter] [           main] o.s.data.convert.CustomConversions       : Adding converter from class java.lang.Number to class [B as writing converter
2024-10-07T20:22:41.001-03:00 DEBUG 8736 --- [MeliUrlShorter] [           main] o.s.data.convert.CustomConversions       : Adding converter from class [B to class java.lang.Number as reading converter
2024-10-07T20:22:41.001-03:00 DEBUG 8736 --- [MeliUrlShorter] [           main] o.s.data.convert.CustomConversions       : Adding converter from class java.lang.Enum to class [B as writing converter
2024-10-07T20:22:41.001-03:00 DEBUG 8736 --- [MeliUrlShorter] [           main] o.s.data.convert.CustomConversions       : Adding converter from class [B to class java.lang.Enum as reading converter
2024-10-07T20:22:41.001-03:00 DEBUG 8736 --- [MeliUrlShorter] [           main] o.s.data.convert.CustomConversions       : Adding converter from class java.lang.Boolean to class [B as writing converter
2024-10-07T20:22:41.001-03:00 DEBUG 8736 --- [MeliUrlShorter] [           main] o.s.data.convert.CustomConversions       : Adding converter from class [B to class java.lang.Boolean as reading converter
2024-10-07T20:22:41.001-03:00 DEBUG 8736 --- [MeliUrlShorter] [           main] o.s.data.convert.CustomConversions       : Adding converter from class java.util.Date to class [B as writing converter
2024-10-07T20:22:41.001-03:00 DEBUG 8736 --- [MeliUrlShorter] [           main] o.s.data.convert.CustomConversions       : Adding converter from class [B to class java.util.Date as reading converter
2024-10-07T20:22:41.001-03:00 DEBUG 8736 --- [MeliUrlShorter] [           main] o.s.data.convert.CustomConversions       : Adding converter from class java.util.UUID to class [B as writing converter
2024-10-07T20:22:41.001-03:00 DEBUG 8736 --- [MeliUrlShorter] [           main] o.s.data.convert.CustomConversions       : Adding converter from class [B to class java.util.UUID as reading converter
2024-10-07T20:22:41.001-03:00 DEBUG 8736 --- [MeliUrlShorter] [           main] o.s.data.convert.CustomConversions       : Adding converter from class java.time.LocalDateTime to class [B as reading converter
2024-10-07T20:22:41.001-03:00 DEBUG 8736 --- [MeliUrlShorter] [           main] o.s.data.convert.CustomConversions       : Adding converter from class [B to class java.time.LocalDateTime as reading converter
2024-10-07T20:22:41.002-03:00 DEBUG 8736 --- [MeliUrlShorter] [           main] o.s.data.convert.CustomConversions       : Adding converter from class java.time.LocalDate to class [B as reading converter
2024-10-07T20:22:41.002-03:00 DEBUG 8736 --- [MeliUrlShorter] [           main] o.s.data.convert.CustomConversions       : Adding converter from class [B to class java.time.LocalDate as reading converter
2024-10-07T20:22:41.002-03:00 DEBUG 8736 --- [MeliUrlShorter] [           main] o.s.data.convert.CustomConversions       : Adding converter from class java.time.LocalTime to class [B as reading converter
2024-10-07T20:22:41.002-03:00 DEBUG 8736 --- [MeliUrlShorter] [           main] o.s.data.convert.CustomConversions       : Adding converter from class [B to class java.time.LocalTime as reading converter
2024-10-07T20:22:41.002-03:00 DEBUG 8736 --- [MeliUrlShorter] [           main] o.s.data.convert.CustomConversions       : Adding converter from class java.time.ZonedDateTime to class [B as reading converter
2024-10-07T20:22:41.002-03:00 DEBUG 8736 --- [MeliUrlShorter] [           main] o.s.data.convert.CustomConversions       : Adding converter from class [B to class java.time.ZonedDateTime as reading converter
2024-10-07T20:22:41.002-03:00 DEBUG 8736 --- [MeliUrlShorter] [           main] o.s.data.convert.CustomConversions       : Adding converter from class java.time.Instant to class [B as reading converter
2024-10-07T20:22:41.002-03:00 DEBUG 8736 --- [MeliUrlShorter] [           main] o.s.data.convert.CustomConversions       : Adding converter from class [B to class java.time.Instant as reading converter
2024-10-07T20:22:41.002-03:00 DEBUG 8736 --- [MeliUrlShorter] [           main] o.s.data.convert.CustomConversions       : Adding converter from class java.time.ZoneId to class [B as reading converter
2024-10-07T20:22:41.002-03:00 DEBUG 8736 --- [MeliUrlShorter] [           main] o.s.data.convert.CustomConversions       : Adding converter from class [B to class java.time.ZoneId as reading converter
2024-10-07T20:22:41.002-03:00 DEBUG 8736 --- [MeliUrlShorter] [           main] o.s.data.convert.CustomConversions       : Adding converter from class java.time.Period to class [B as reading converter
2024-10-07T20:22:41.002-03:00 DEBUG 8736 --- [MeliUrlShorter] [           main] o.s.data.convert.CustomConversions       : Adding converter from class [B to class java.time.Period as reading converter
2024-10-07T20:22:41.002-03:00 DEBUG 8736 --- [MeliUrlShorter] [           main] o.s.data.convert.CustomConversions       : Adding converter from class java.time.Duration to class [B as reading converter
2024-10-07T20:22:41.003-03:00 DEBUG 8736 --- [MeliUrlShorter] [           main] o.s.data.convert.CustomConversions       : Adding converter from class [B to class java.time.Duration as reading converter
2024-10-07T20:22:41.003-03:00 DEBUG 8736 --- [MeliUrlShorter] [           main] o.s.data.convert.CustomConversions       : Adding converter from class java.time.OffsetDateTime to class [B as reading converter
2024-10-07T20:22:41.003-03:00 DEBUG 8736 --- [MeliUrlShorter] [           main] o.s.data.convert.CustomConversions       : Adding converter from class [B to class java.time.OffsetDateTime as reading converter
2024-10-07T20:22:41.003-03:00 DEBUG 8736 --- [MeliUrlShorter] [           main] o.s.data.convert.CustomConversions       : Adding converter from class java.time.OffsetTime to class [B as reading converter
2024-10-07T20:22:41.003-03:00 DEBUG 8736 --- [MeliUrlShorter] [           main] o.s.data.convert.CustomConversions       : Adding converter from class [B to class java.time.OffsetTime as reading converter
2024-10-07T20:22:41.003-03:00 DEBUG 8736 --- [MeliUrlShorter] [           main] o.s.data.convert.CustomConversions       : Adding converter from class java.util.Date to class java.time.LocalDateTime as reading converter
2024-10-07T20:22:41.003-03:00 DEBUG 8736 --- [MeliUrlShorter] [           main] o.s.data.convert.CustomConversions       : Adding converter from class java.time.LocalDateTime to class java.util.Date as writing converter
2024-10-07T20:22:41.003-03:00 DEBUG 8736 --- [MeliUrlShorter] [           main] o.s.data.convert.CustomConversions       : Adding converter from class java.util.Date to class java.time.LocalDate as reading converter
2024-10-07T20:22:41.003-03:00 DEBUG 8736 --- [MeliUrlShorter] [           main] o.s.data.convert.CustomConversions       : Adding converter from class java.time.LocalDate to class java.util.Date as writing converter
2024-10-07T20:22:41.003-03:00 DEBUG 8736 --- [MeliUrlShorter] [           main] o.s.data.convert.CustomConversions       : Adding converter from class java.util.Date to class java.time.LocalTime as reading converter
2024-10-07T20:22:41.003-03:00 DEBUG 8736 --- [MeliUrlShorter] [           main] o.s.data.convert.CustomConversions       : Adding converter from class java.time.LocalTime to class java.util.Date as writing converter
2024-10-07T20:22:41.003-03:00 DEBUG 8736 --- [MeliUrlShorter] [           main] o.s.data.convert.CustomConversions       : Adding converter from class java.util.Date to class java.time.Instant as reading converter
2024-10-07T20:22:41.003-03:00 DEBUG 8736 --- [MeliUrlShorter] [           main] o.s.data.convert.CustomConversions       : Adding converter from class java.time.Instant to class java.util.Date as writing converter
2024-10-07T20:22:41.004-03:00 DEBUG 8736 --- [MeliUrlShorter] [           main] o.s.data.convert.CustomConversions       : Adding converter from class java.time.LocalDateTime to class java.time.Instant as reading converter
2024-10-07T20:22:41.004-03:00 DEBUG 8736 --- [MeliUrlShorter] [           main] o.s.data.convert.CustomConversions       : Adding converter from class java.time.Instant to class java.time.LocalDateTime as reading converter
2024-10-07T20:22:41.004-03:00 DEBUG 8736 --- [MeliUrlShorter] [           main] o.s.data.convert.CustomConversions       : Adding converter from class java.time.ZoneId to class java.lang.String as writing converter
2024-10-07T20:22:41.004-03:00 DEBUG 8736 --- [MeliUrlShorter] [           main] o.s.data.convert.CustomConversions       : Adding converter from class java.lang.String to class java.time.ZoneId as reading converter
2024-10-07T20:22:41.004-03:00 DEBUG 8736 --- [MeliUrlShorter] [           main] o.s.data.convert.CustomConversions       : Adding converter from class java.time.Duration to class java.lang.String as writing converter
2024-10-07T20:22:41.004-03:00 DEBUG 8736 --- [MeliUrlShorter] [           main] o.s.data.convert.CustomConversions       : Adding converter from class java.lang.String to class java.time.Duration as reading converter
2024-10-07T20:22:41.004-03:00 DEBUG 8736 --- [MeliUrlShorter] [           main] o.s.data.convert.CustomConversions       : Adding converter from class java.time.Period to class java.lang.String as writing converter
2024-10-07T20:22:41.004-03:00 DEBUG 8736 --- [MeliUrlShorter] [           main] o.s.data.convert.CustomConversions       : Adding converter from class java.lang.String to class java.time.Period as reading converter
2024-10-07T20:22:41.004-03:00 DEBUG 8736 --- [MeliUrlShorter] [           main] o.s.data.convert.CustomConversions       : Adding converter from class java.lang.String to class java.time.LocalDate as reading converter
2024-10-07T20:22:41.004-03:00 DEBUG 8736 --- [MeliUrlShorter] [           main] o.s.data.convert.CustomConversions       : Adding converter from class java.lang.String to class java.time.LocalDateTime as reading converter
2024-10-07T20:22:41.004-03:00 DEBUG 8736 --- [MeliUrlShorter] [           main] o.s.data.convert.CustomConversions       : Adding converter from class java.lang.String to class java.time.Instant as reading converter
2024-10-07T20:22:41.007-03:00 DEBUG 8736 --- [MeliUrlShorter] [           main] o.s.data.convert.CustomConversions       : Adding converter from class java.lang.String to class [B as writing converter
2024-10-07T20:22:41.007-03:00 DEBUG 8736 --- [MeliUrlShorter] [           main] o.s.data.convert.CustomConversions       : Adding converter from class [B to class java.lang.String as reading converter
2024-10-07T20:22:41.008-03:00 DEBUG 8736 --- [MeliUrlShorter] [           main] o.s.data.convert.CustomConversions       : Adding converter from class java.lang.Number to class [B as writing converter
2024-10-07T20:22:41.008-03:00 DEBUG 8736 --- [MeliUrlShorter] [           main] o.s.data.convert.CustomConversions       : Adding converter from class [B to class java.lang.Number as reading converter
2024-10-07T20:22:41.008-03:00 DEBUG 8736 --- [MeliUrlShorter] [           main] o.s.data.convert.CustomConversions       : Adding converter from class java.lang.Enum to class [B as writing converter
2024-10-07T20:22:41.008-03:00 DEBUG 8736 --- [MeliUrlShorter] [           main] o.s.data.convert.CustomConversions       : Adding converter from class [B to class java.lang.Enum as reading converter
2024-10-07T20:22:41.008-03:00 DEBUG 8736 --- [MeliUrlShorter] [           main] o.s.data.convert.CustomConversions       : Adding converter from class java.lang.Boolean to class [B as writing converter
2024-10-07T20:22:41.008-03:00 DEBUG 8736 --- [MeliUrlShorter] [           main] o.s.data.convert.CustomConversions       : Adding converter from class [B to class java.lang.Boolean as reading converter
2024-10-07T20:22:41.008-03:00 DEBUG 8736 --- [MeliUrlShorter] [           main] o.s.data.convert.CustomConversions       : Adding converter from class java.util.Date to class [B as writing converter
2024-10-07T20:22:41.008-03:00 DEBUG 8736 --- [MeliUrlShorter] [           main] o.s.data.convert.CustomConversions       : Adding converter from class [B to class java.util.Date as reading converter
2024-10-07T20:22:41.008-03:00 DEBUG 8736 --- [MeliUrlShorter] [           main] o.s.data.convert.CustomConversions       : Adding converter from class java.util.UUID to class [B as writing converter
2024-10-07T20:22:41.008-03:00 DEBUG 8736 --- [MeliUrlShorter] [           main] o.s.data.convert.CustomConversions       : Adding converter from class [B to class java.util.UUID as reading converter
2024-10-07T20:22:41.008-03:00 DEBUG 8736 --- [MeliUrlShorter] [           main] o.s.data.convert.CustomConversions       : Adding converter from class java.time.LocalDateTime to class [B as reading converter
2024-10-07T20:22:41.008-03:00 DEBUG 8736 --- [MeliUrlShorter] [           main] o.s.data.convert.CustomConversions       : Adding converter from class [B to class java.time.LocalDateTime as reading converter
2024-10-07T20:22:41.008-03:00 DEBUG 8736 --- [MeliUrlShorter] [           main] o.s.data.convert.CustomConversions       : Adding converter from class java.time.LocalDate to class [B as reading converter
2024-10-07T20:22:41.008-03:00 DEBUG 8736 --- [MeliUrlShorter] [           main] o.s.data.convert.CustomConversions       : Adding converter from class [B to class java.time.LocalDate as reading converter
2024-10-07T20:22:41.008-03:00 DEBUG 8736 --- [MeliUrlShorter] [           main] o.s.data.convert.CustomConversions       : Adding converter from class java.time.LocalTime to class [B as reading converter
2024-10-07T20:22:41.008-03:00 DEBUG 8736 --- [MeliUrlShorter] [           main] o.s.data.convert.CustomConversions       : Adding converter from class [B to class java.time.LocalTime as reading converter
2024-10-07T20:22:41.009-03:00 DEBUG 8736 --- [MeliUrlShorter] [           main] o.s.data.convert.CustomConversions       : Adding converter from class java.time.ZonedDateTime to class [B as reading converter
2024-10-07T20:22:41.009-03:00 DEBUG 8736 --- [MeliUrlShorter] [           main] o.s.data.convert.CustomConversions       : Adding converter from class [B to class java.time.ZonedDateTime as reading converter
2024-10-07T20:22:41.009-03:00 DEBUG 8736 --- [MeliUrlShorter] [           main] o.s.data.convert.CustomConversions       : Adding converter from class java.time.Instant to class [B as reading converter
2024-10-07T20:22:41.009-03:00 DEBUG 8736 --- [MeliUrlShorter] [           main] o.s.data.convert.CustomConversions       : Adding converter from class [B to class java.time.Instant as reading converter
2024-10-07T20:22:41.009-03:00 DEBUG 8736 --- [MeliUrlShorter] [           main] o.s.data.convert.CustomConversions       : Adding converter from class java.time.ZoneId to class [B as reading converter
2024-10-07T20:22:41.009-03:00 DEBUG 8736 --- [MeliUrlShorter] [           main] o.s.data.convert.CustomConversions       : Adding converter from class [B to class java.time.ZoneId as reading converter
2024-10-07T20:22:41.009-03:00 DEBUG 8736 --- [MeliUrlShorter] [           main] o.s.data.convert.CustomConversions       : Adding converter from class java.time.Period to class [B as reading converter
2024-10-07T20:22:41.009-03:00 DEBUG 8736 --- [MeliUrlShorter] [           main] o.s.data.convert.CustomConversions       : Adding converter from class [B to class java.time.Period as reading converter
2024-10-07T20:22:41.009-03:00 DEBUG 8736 --- [MeliUrlShorter] [           main] o.s.data.convert.CustomConversions       : Adding converter from class java.time.Duration to class [B as reading converter
2024-10-07T20:22:41.009-03:00 DEBUG 8736 --- [MeliUrlShorter] [           main] o.s.data.convert.CustomConversions       : Adding converter from class [B to class java.time.Duration as reading converter
2024-10-07T20:22:41.009-03:00 DEBUG 8736 --- [MeliUrlShorter] [           main] o.s.data.convert.CustomConversions       : Adding converter from class java.time.OffsetDateTime to class [B as reading converter
2024-10-07T20:22:41.009-03:00 DEBUG 8736 --- [MeliUrlShorter] [           main] o.s.data.convert.CustomConversions       : Adding converter from class [B to class java.time.OffsetDateTime as reading converter
2024-10-07T20:22:41.009-03:00 DEBUG 8736 --- [MeliUrlShorter] [           main] o.s.data.convert.CustomConversions       : Adding converter from class java.time.OffsetTime to class [B as reading converter
2024-10-07T20:22:41.010-03:00 DEBUG 8736 --- [MeliUrlShorter] [           main] o.s.data.convert.CustomConversions       : Adding converter from class [B to class java.time.OffsetTime as reading converter
2024-10-07T20:22:41.010-03:00 DEBUG 8736 --- [MeliUrlShorter] [           main] o.s.data.convert.CustomConversions       : Adding converter from class java.util.Date to class java.time.LocalDateTime as reading converter
2024-10-07T20:22:41.010-03:00 DEBUG 8736 --- [MeliUrlShorter] [           main] o.s.data.convert.CustomConversions       : Adding converter from class java.time.LocalDateTime to class java.util.Date as writing converter
2024-10-07T20:22:41.010-03:00 DEBUG 8736 --- [MeliUrlShorter] [           main] o.s.data.convert.CustomConversions       : Adding converter from class java.util.Date to class java.time.LocalDate as reading converter
2024-10-07T20:22:41.010-03:00 DEBUG 8736 --- [MeliUrlShorter] [           main] o.s.data.convert.CustomConversions       : Adding converter from class java.time.LocalDate to class java.util.Date as writing converter
2024-10-07T20:22:41.010-03:00 DEBUG 8736 --- [MeliUrlShorter] [           main] o.s.data.convert.CustomConversions       : Adding converter from class java.util.Date to class java.time.LocalTime as reading converter
2024-10-07T20:22:41.010-03:00 DEBUG 8736 --- [MeliUrlShorter] [           main] o.s.data.convert.CustomConversions       : Adding converter from class java.time.LocalTime to class java.util.Date as writing converter
2024-10-07T20:22:41.010-03:00 DEBUG 8736 --- [MeliUrlShorter] [           main] o.s.data.convert.CustomConversions       : Adding converter from class java.util.Date to class java.time.Instant as reading converter
2024-10-07T20:22:41.010-03:00 DEBUG 8736 --- [MeliUrlShorter] [           main] o.s.data.convert.CustomConversions       : Adding converter from class java.time.Instant to class java.util.Date as writing converter
2024-10-07T20:22:41.010-03:00 DEBUG 8736 --- [MeliUrlShorter] [           main] o.s.data.convert.CustomConversions       : Adding converter from class java.time.LocalDateTime to class java.time.Instant as reading converter
2024-10-07T20:22:41.010-03:00 DEBUG 8736 --- [MeliUrlShorter] [           main] o.s.data.convert.CustomConversions       : Adding converter from class java.time.Instant to class java.time.LocalDateTime as reading converter
2024-10-07T20:22:41.010-03:00 DEBUG 8736 --- [MeliUrlShorter] [           main] o.s.data.convert.CustomConversions       : Adding converter from class java.time.ZoneId to class java.lang.String as writing converter
2024-10-07T20:22:41.010-03:00 DEBUG 8736 --- [MeliUrlShorter] [           main] o.s.data.convert.CustomConversions       : Adding converter from class java.lang.String to class java.time.ZoneId as reading converter
2024-10-07T20:22:41.010-03:00 DEBUG 8736 --- [MeliUrlShorter] [           main] o.s.data.convert.CustomConversions       : Adding converter from class java.time.Duration to class java.lang.String as writing converter
2024-10-07T20:22:41.010-03:00 DEBUG 8736 --- [MeliUrlShorter] [           main] o.s.data.convert.CustomConversions       : Adding converter from class java.lang.String to class java.time.Duration as reading converter
2024-10-07T20:22:41.010-03:00 DEBUG 8736 --- [MeliUrlShorter] [           main] o.s.data.convert.CustomConversions       : Adding converter from class java.time.Period to class java.lang.String as writing converter
2024-10-07T20:22:41.010-03:00 DEBUG 8736 --- [MeliUrlShorter] [           main] o.s.data.convert.CustomConversions       : Adding converter from class java.lang.String to class java.time.Period as reading converter
2024-10-07T20:22:41.011-03:00 DEBUG 8736 --- [MeliUrlShorter] [           main] o.s.data.convert.CustomConversions       : Adding converter from class java.lang.String to class java.time.LocalDate as reading converter
2024-10-07T20:22:41.011-03:00 DEBUG 8736 --- [MeliUrlShorter] [           main] o.s.data.convert.CustomConversions       : Adding converter from class java.lang.String to class java.time.LocalDateTime as reading converter
2024-10-07T20:22:41.011-03:00 DEBUG 8736 --- [MeliUrlShorter] [           main] o.s.data.convert.CustomConversions       : Adding converter from class java.lang.String to class java.time.Instant as reading converter
2024-10-07T20:22:41.021-03:00 DEBUG 8736 --- [MeliUrlShorter] [           main] o.s.data.convert.CustomConversions       : Adding converter from class java.lang.String to class [B as writing converter
2024-10-07T20:22:41.021-03:00 DEBUG 8736 --- [MeliUrlShorter] [           main] o.s.data.convert.CustomConversions       : Adding converter from class [B to class java.lang.String as reading converter
2024-10-07T20:22:41.021-03:00 DEBUG 8736 --- [MeliUrlShorter] [           main] o.s.data.convert.CustomConversions       : Adding converter from class java.lang.Number to class [B as writing converter
2024-10-07T20:22:41.021-03:00 DEBUG 8736 --- [MeliUrlShorter] [           main] o.s.data.convert.CustomConversions       : Adding converter from class [B to class java.lang.Number as reading converter
2024-10-07T20:22:41.021-03:00 DEBUG 8736 --- [MeliUrlShorter] [           main] o.s.data.convert.CustomConversions       : Adding converter from class java.lang.Enum to class [B as writing converter
2024-10-07T20:22:41.022-03:00 DEBUG 8736 --- [MeliUrlShorter] [           main] o.s.data.convert.CustomConversions       : Adding converter from class [B to class java.lang.Enum as reading converter
2024-10-07T20:22:41.022-03:00 DEBUG 8736 --- [MeliUrlShorter] [           main] o.s.data.convert.CustomConversions       : Adding converter from class java.lang.Boolean to class [B as writing converter
2024-10-07T20:22:41.022-03:00 DEBUG 8736 --- [MeliUrlShorter] [           main] o.s.data.convert.CustomConversions       : Adding converter from class [B to class java.lang.Boolean as reading converter
2024-10-07T20:22:41.022-03:00 DEBUG 8736 --- [MeliUrlShorter] [           main] o.s.data.convert.CustomConversions       : Adding converter from class java.util.Date to class [B as writing converter
2024-10-07T20:22:41.022-03:00 DEBUG 8736 --- [MeliUrlShorter] [           main] o.s.data.convert.CustomConversions       : Adding converter from class [B to class java.util.Date as reading converter
2024-10-07T20:22:41.022-03:00 DEBUG 8736 --- [MeliUrlShorter] [           main] o.s.data.convert.CustomConversions       : Adding converter from class java.util.UUID to class [B as writing converter
2024-10-07T20:22:41.022-03:00 DEBUG 8736 --- [MeliUrlShorter] [           main] o.s.data.convert.CustomConversions       : Adding converter from class [B to class java.util.UUID as reading converter
2024-10-07T20:22:41.022-03:00 DEBUG 8736 --- [MeliUrlShorter] [           main] o.s.data.convert.CustomConversions       : Adding converter from class java.time.LocalDateTime to class [B as reading converter
2024-10-07T20:22:41.022-03:00 DEBUG 8736 --- [MeliUrlShorter] [           main] o.s.data.convert.CustomConversions       : Adding converter from class [B to class java.time.LocalDateTime as reading converter
2024-10-07T20:22:41.022-03:00 DEBUG 8736 --- [MeliUrlShorter] [           main] o.s.data.convert.CustomConversions       : Adding converter from class java.time.LocalDate to class [B as reading converter
2024-10-07T20:22:41.022-03:00 DEBUG 8736 --- [MeliUrlShorter] [           main] o.s.data.convert.CustomConversions       : Adding converter from class [B to class java.time.LocalDate as reading converter
2024-10-07T20:22:41.022-03:00 DEBUG 8736 --- [MeliUrlShorter] [           main] o.s.data.convert.CustomConversions       : Adding converter from class java.time.LocalTime to class [B as reading converter
2024-10-07T20:22:41.022-03:00 DEBUG 8736 --- [MeliUrlShorter] [           main] o.s.data.convert.CustomConversions       : Adding converter from class [B to class java.time.LocalTime as reading converter
2024-10-07T20:22:41.022-03:00 DEBUG 8736 --- [MeliUrlShorter] [           main] o.s.data.convert.CustomConversions       : Adding converter from class java.time.ZonedDateTime to class [B as reading converter
2024-10-07T20:22:41.022-03:00 DEBUG 8736 --- [MeliUrlShorter] [           main] o.s.data.convert.CustomConversions       : Adding converter from class [B to class java.time.ZonedDateTime as reading converter
2024-10-07T20:22:41.023-03:00 DEBUG 8736 --- [MeliUrlShorter] [           main] o.s.data.convert.CustomConversions       : Adding converter from class java.time.Instant to class [B as reading converter
2024-10-07T20:22:41.023-03:00 DEBUG 8736 --- [MeliUrlShorter] [           main] o.s.data.convert.CustomConversions       : Adding converter from class [B to class java.time.Instant as reading converter
2024-10-07T20:22:41.023-03:00 DEBUG 8736 --- [MeliUrlShorter] [           main] o.s.data.convert.CustomConversions       : Adding converter from class java.time.ZoneId to class [B as reading converter
2024-10-07T20:22:41.023-03:00 DEBUG 8736 --- [MeliUrlShorter] [           main] o.s.data.convert.CustomConversions       : Adding converter from class [B to class java.time.ZoneId as reading converter
2024-10-07T20:22:41.023-03:00 DEBUG 8736 --- [MeliUrlShorter] [           main] o.s.data.convert.CustomConversions       : Adding converter from class java.time.Period to class [B as reading converter
2024-10-07T20:22:41.023-03:00 DEBUG 8736 --- [MeliUrlShorter] [           main] o.s.data.convert.CustomConversions       : Adding converter from class [B to class java.time.Period as reading converter
2024-10-07T20:22:41.023-03:00 DEBUG 8736 --- [MeliUrlShorter] [           main] o.s.data.convert.CustomConversions       : Adding converter from class java.time.Duration to class [B as reading converter
2024-10-07T20:22:41.023-03:00 DEBUG 8736 --- [MeliUrlShorter] [           main] o.s.data.convert.CustomConversions       : Adding converter from class [B to class java.time.Duration as reading converter
2024-10-07T20:22:41.023-03:00 DEBUG 8736 --- [MeliUrlShorter] [           main] o.s.data.convert.CustomConversions       : Adding converter from class java.time.OffsetDateTime to class [B as reading converter
2024-10-07T20:22:41.023-03:00 DEBUG 8736 --- [MeliUrlShorter] [           main] o.s.data.convert.CustomConversions       : Adding converter from class [B to class java.time.OffsetDateTime as reading converter
2024-10-07T20:22:41.023-03:00 DEBUG 8736 --- [MeliUrlShorter] [           main] o.s.data.convert.CustomConversions       : Adding converter from class java.time.OffsetTime to class [B as reading converter
2024-10-07T20:22:41.023-03:00 DEBUG 8736 --- [MeliUrlShorter] [           main] o.s.data.convert.CustomConversions       : Adding converter from class [B to class java.time.OffsetTime as reading converter
2024-10-07T20:22:41.023-03:00 DEBUG 8736 --- [MeliUrlShorter] [           main] o.s.data.convert.CustomConversions       : Adding converter from class java.util.Date to class java.time.LocalDateTime as reading converter
2024-10-07T20:22:41.023-03:00 DEBUG 8736 --- [MeliUrlShorter] [           main] o.s.data.convert.CustomConversions       : Adding converter from class java.time.LocalDateTime to class java.util.Date as writing converter
2024-10-07T20:22:41.023-03:00 DEBUG 8736 --- [MeliUrlShorter] [           main] o.s.data.convert.CustomConversions       : Adding converter from class java.util.Date to class java.time.LocalDate as reading converter
2024-10-07T20:22:41.024-03:00 DEBUG 8736 --- [MeliUrlShorter] [           main] o.s.data.convert.CustomConversions       : Adding converter from class java.time.LocalDate to class java.util.Date as writing converter
2024-10-07T20:22:41.024-03:00 DEBUG 8736 --- [MeliUrlShorter] [           main] o.s.data.convert.CustomConversions       : Adding converter from class java.util.Date to class java.time.LocalTime as reading converter
2024-10-07T20:22:41.024-03:00 DEBUG 8736 --- [MeliUrlShorter] [           main] o.s.data.convert.CustomConversions       : Adding converter from class java.time.LocalTime to class java.util.Date as writing converter
2024-10-07T20:22:41.024-03:00 DEBUG 8736 --- [MeliUrlShorter] [           main] o.s.data.convert.CustomConversions       : Adding converter from class java.util.Date to class java.time.Instant as reading converter
2024-10-07T20:22:41.024-03:00 DEBUG 8736 --- [MeliUrlShorter] [           main] o.s.data.convert.CustomConversions       : Adding converter from class java.time.Instant to class java.util.Date as writing converter
2024-10-07T20:22:41.024-03:00 DEBUG 8736 --- [MeliUrlShorter] [           main] o.s.data.convert.CustomConversions       : Adding converter from class java.time.LocalDateTime to class java.time.Instant as reading converter
2024-10-07T20:22:41.024-03:00 DEBUG 8736 --- [MeliUrlShorter] [           main] o.s.data.convert.CustomConversions       : Adding converter from class java.time.Instant to class java.time.LocalDateTime as reading converter
2024-10-07T20:22:41.024-03:00 DEBUG 8736 --- [MeliUrlShorter] [           main] o.s.data.convert.CustomConversions       : Adding converter from class java.time.ZoneId to class java.lang.String as writing converter
2024-10-07T20:22:41.024-03:00 DEBUG 8736 --- [MeliUrlShorter] [           main] o.s.data.convert.CustomConversions       : Adding converter from class java.lang.String to class java.time.ZoneId as reading converter
2024-10-07T20:22:41.024-03:00 DEBUG 8736 --- [MeliUrlShorter] [           main] o.s.data.convert.CustomConversions       : Adding converter from class java.time.Duration to class java.lang.String as writing converter
2024-10-07T20:22:41.024-03:00 DEBUG 8736 --- [MeliUrlShorter] [           main] o.s.data.convert.CustomConversions       : Adding converter from class java.lang.String to class java.time.Duration as reading converter
2024-10-07T20:22:41.024-03:00 DEBUG 8736 --- [MeliUrlShorter] [           main] o.s.data.convert.CustomConversions       : Adding converter from class java.time.Period to class java.lang.String as writing converter
2024-10-07T20:22:41.024-03:00 DEBUG 8736 --- [MeliUrlShorter] [           main] o.s.data.convert.CustomConversions       : Adding converter from class java.lang.String to class java.time.Period as reading converter
2024-10-07T20:22:41.024-03:00 DEBUG 8736 --- [MeliUrlShorter] [           main] o.s.data.convert.CustomConversions       : Adding converter from class java.lang.String to class java.time.LocalDate as reading converter
2024-10-07T20:22:41.025-03:00 DEBUG 8736 --- [MeliUrlShorter] [           main] o.s.data.convert.CustomConversions       : Adding converter from class java.lang.String to class java.time.LocalDateTime as reading converter
2024-10-07T20:22:41.025-03:00 DEBUG 8736 --- [MeliUrlShorter] [           main] o.s.data.convert.CustomConversions       : Adding converter from class java.lang.String to class java.time.Instant as reading converter
2024-10-07T20:22:41.239-03:00 DEBUG 8736 --- [MeliUrlShorter] [           main] o.s.data.convert.CustomConversions       : Adding converter from class java.lang.String to class [B as writing converter
2024-10-07T20:22:41.239-03:00 DEBUG 8736 --- [MeliUrlShorter] [           main] o.s.data.convert.CustomConversions       : Adding converter from class [B to class java.lang.String as reading converter
2024-10-07T20:22:41.239-03:00 DEBUG 8736 --- [MeliUrlShorter] [           main] o.s.data.convert.CustomConversions       : Adding converter from class java.lang.Number to class [B as writing converter
2024-10-07T20:22:41.239-03:00 DEBUG 8736 --- [MeliUrlShorter] [           main] o.s.data.convert.CustomConversions       : Adding converter from class [B to class java.lang.Number as reading converter
2024-10-07T20:22:41.239-03:00 DEBUG 8736 --- [MeliUrlShorter] [           main] o.s.data.convert.CustomConversions       : Adding converter from class java.lang.Enum to class [B as writing converter
2024-10-07T20:22:41.239-03:00 DEBUG 8736 --- [MeliUrlShorter] [           main] o.s.data.convert.CustomConversions       : Adding converter from class [B to class java.lang.Enum as reading converter
2024-10-07T20:22:41.239-03:00 DEBUG 8736 --- [MeliUrlShorter] [           main] o.s.data.convert.CustomConversions       : Adding converter from class java.lang.Boolean to class [B as writing converter
2024-10-07T20:22:41.239-03:00 DEBUG 8736 --- [MeliUrlShorter] [           main] o.s.data.convert.CustomConversions       : Adding converter from class [B to class java.lang.Boolean as reading converter
2024-10-07T20:22:41.239-03:00 DEBUG 8736 --- [MeliUrlShorter] [           main] o.s.data.convert.CustomConversions       : Adding converter from class java.util.Date to class [B as writing converter
2024-10-07T20:22:41.239-03:00 DEBUG 8736 --- [MeliUrlShorter] [           main] o.s.data.convert.CustomConversions       : Adding converter from class [B to class java.util.Date as reading converter
2024-10-07T20:22:41.239-03:00 DEBUG 8736 --- [MeliUrlShorter] [           main] o.s.data.convert.CustomConversions       : Adding converter from class java.util.UUID to class [B as writing converter
2024-10-07T20:22:41.239-03:00 DEBUG 8736 --- [MeliUrlShorter] [           main] o.s.data.convert.CustomConversions       : Adding converter from class [B to class java.util.UUID as reading converter
2024-10-07T20:22:41.240-03:00 DEBUG 8736 --- [MeliUrlShorter] [           main] o.s.data.convert.CustomConversions       : Adding converter from class java.time.LocalDateTime to class [B as reading converter
2024-10-07T20:22:41.240-03:00 DEBUG 8736 --- [MeliUrlShorter] [           main] o.s.data.convert.CustomConversions       : Adding converter from class [B to class java.time.LocalDateTime as reading converter
2024-10-07T20:22:41.240-03:00 DEBUG 8736 --- [MeliUrlShorter] [           main] o.s.data.convert.CustomConversions       : Adding converter from class java.time.LocalDate to class [B as reading converter
2024-10-07T20:22:41.240-03:00 DEBUG 8736 --- [MeliUrlShorter] [           main] o.s.data.convert.CustomConversions       : Adding converter from class [B to class java.time.LocalDate as reading converter
2024-10-07T20:22:41.240-03:00 DEBUG 8736 --- [MeliUrlShorter] [           main] o.s.data.convert.CustomConversions       : Adding converter from class java.time.LocalTime to class [B as reading converter
2024-10-07T20:22:41.240-03:00 DEBUG 8736 --- [MeliUrlShorter] [           main] o.s.data.convert.CustomConversions       : Adding converter from class [B to class java.time.LocalTime as reading converter
2024-10-07T20:22:41.240-03:00 DEBUG 8736 --- [MeliUrlShorter] [           main] o.s.data.convert.CustomConversions       : Adding converter from class java.time.ZonedDateTime to class [B as reading converter
2024-10-07T20:22:41.240-03:00 DEBUG 8736 --- [MeliUrlShorter] [           main] o.s.data.convert.CustomConversions       : Adding converter from class [B to class java.time.ZonedDateTime as reading converter
2024-10-07T20:22:41.240-03:00 DEBUG 8736 --- [MeliUrlShorter] [           main] o.s.data.convert.CustomConversions       : Adding converter from class java.time.Instant to class [B as reading converter
2024-10-07T20:22:41.240-03:00 DEBUG 8736 --- [MeliUrlShorter] [           main] o.s.data.convert.CustomConversions       : Adding converter from class [B to class java.time.Instant as reading converter
2024-10-07T20:22:41.240-03:00 DEBUG 8736 --- [MeliUrlShorter] [           main] o.s.data.convert.CustomConversions       : Adding converter from class java.time.ZoneId to class [B as reading converter
2024-10-07T20:22:41.240-03:00 DEBUG 8736 --- [MeliUrlShorter] [           main] o.s.data.convert.CustomConversions       : Adding converter from class [B to class java.time.ZoneId as reading converter
2024-10-07T20:22:41.240-03:00 DEBUG 8736 --- [MeliUrlShorter] [           main] o.s.data.convert.CustomConversions       : Adding converter from class java.time.Period to class [B as reading converter
2024-10-07T20:22:41.240-03:00 DEBUG 8736 --- [MeliUrlShorter] [           main] o.s.data.convert.CustomConversions       : Adding converter from class [B to class java.time.Period as reading converter
2024-10-07T20:22:41.240-03:00 DEBUG 8736 --- [MeliUrlShorter] [           main] o.s.data.convert.CustomConversions       : Adding converter from class java.time.Duration to class [B as reading converter
2024-10-07T20:22:41.240-03:00 DEBUG 8736 --- [MeliUrlShorter] [           main] o.s.data.convert.CustomConversions       : Adding converter from class [B to class java.time.Duration as reading converter
2024-10-07T20:22:41.240-03:00 DEBUG 8736 --- [MeliUrlShorter] [           main] o.s.data.convert.CustomConversions       : Adding converter from class java.time.OffsetDateTime to class [B as reading converter
2024-10-07T20:22:41.240-03:00 DEBUG 8736 --- [MeliUrlShorter] [           main] o.s.data.convert.CustomConversions       : Adding converter from class [B to class java.time.OffsetDateTime as reading converter
2024-10-07T20:22:41.240-03:00 DEBUG 8736 --- [MeliUrlShorter] [           main] o.s.data.convert.CustomConversions       : Adding converter from class java.time.OffsetTime to class [B as reading converter
2024-10-07T20:22:41.240-03:00 DEBUG 8736 --- [MeliUrlShorter] [           main] o.s.data.convert.CustomConversions       : Adding converter from class [B to class java.time.OffsetTime as reading converter
2024-10-07T20:22:41.241-03:00 DEBUG 8736 --- [MeliUrlShorter] [           main] o.s.data.convert.CustomConversions       : Adding converter from class java.util.Date to class java.time.LocalDateTime as reading converter
2024-10-07T20:22:41.241-03:00 DEBUG 8736 --- [MeliUrlShorter] [           main] o.s.data.convert.CustomConversions       : Adding converter from class java.time.LocalDateTime to class java.util.Date as writing converter
2024-10-07T20:22:41.241-03:00 DEBUG 8736 --- [MeliUrlShorter] [           main] o.s.data.convert.CustomConversions       : Adding converter from class java.util.Date to class java.time.LocalDate as reading converter
2024-10-07T20:22:41.241-03:00 DEBUG 8736 --- [MeliUrlShorter] [           main] o.s.data.convert.CustomConversions       : Adding converter from class java.time.LocalDate to class java.util.Date as writing converter
2024-10-07T20:22:41.241-03:00 DEBUG 8736 --- [MeliUrlShorter] [           main] o.s.data.convert.CustomConversions       : Adding converter from class java.util.Date to class java.time.LocalTime as reading converter
2024-10-07T20:22:41.241-03:00 DEBUG 8736 --- [MeliUrlShorter] [           main] o.s.data.convert.CustomConversions       : Adding converter from class java.time.LocalTime to class java.util.Date as writing converter
2024-10-07T20:22:41.241-03:00 DEBUG 8736 --- [MeliUrlShorter] [           main] o.s.data.convert.CustomConversions       : Adding converter from class java.util.Date to class java.time.Instant as reading converter
2024-10-07T20:22:41.241-03:00 DEBUG 8736 --- [MeliUrlShorter] [           main] o.s.data.convert.CustomConversions       : Adding converter from class java.time.Instant to class java.util.Date as writing converter
2024-10-07T20:22:41.241-03:00 DEBUG 8736 --- [MeliUrlShorter] [           main] o.s.data.convert.CustomConversions       : Adding converter from class java.time.LocalDateTime to class java.time.Instant as reading converter
2024-10-07T20:22:41.241-03:00 DEBUG 8736 --- [MeliUrlShorter] [           main] o.s.data.convert.CustomConversions       : Adding converter from class java.time.Instant to class java.time.LocalDateTime as reading converter
2024-10-07T20:22:41.241-03:00 DEBUG 8736 --- [MeliUrlShorter] [           main] o.s.data.convert.CustomConversions       : Adding converter from class java.time.ZoneId to class java.lang.String as writing converter
2024-10-07T20:22:41.241-03:00 DEBUG 8736 --- [MeliUrlShorter] [           main] o.s.data.convert.CustomConversions       : Adding converter from class java.lang.String to class java.time.ZoneId as reading converter
2024-10-07T20:22:41.241-03:00 DEBUG 8736 --- [MeliUrlShorter] [           main] o.s.data.convert.CustomConversions       : Adding converter from class java.time.Duration to class java.lang.String as writing converter
2024-10-07T20:22:41.241-03:00 DEBUG 8736 --- [MeliUrlShorter] [           main] o.s.data.convert.CustomConversions       : Adding converter from class java.lang.String to class java.time.Duration as reading converter
2024-10-07T20:22:41.241-03:00 DEBUG 8736 --- [MeliUrlShorter] [           main] o.s.data.convert.CustomConversions       : Adding converter from class java.time.Period to class java.lang.String as writing converter
2024-10-07T20:22:41.241-03:00 DEBUG 8736 --- [MeliUrlShorter] [           main] o.s.data.convert.CustomConversions       : Adding converter from class java.lang.String to class java.time.Period as reading converter
2024-10-07T20:22:41.241-03:00 DEBUG 8736 --- [MeliUrlShorter] [           main] o.s.data.convert.CustomConversions       : Adding converter from class java.lang.String to class java.time.LocalDate as reading converter
2024-10-07T20:22:41.242-03:00 DEBUG 8736 --- [MeliUrlShorter] [           main] o.s.data.convert.CustomConversions       : Adding converter from class java.lang.String to class java.time.LocalDateTime as reading converter
2024-10-07T20:22:41.242-03:00 DEBUG 8736 --- [MeliUrlShorter] [           main] o.s.data.convert.CustomConversions       : Adding converter from class java.lang.String to class java.time.Instant as reading converter
2024-10-07T20:22:41.242-03:00 DEBUG 8736 --- [MeliUrlShorter] [           main] o.s.data.convert.CustomConversions       : Adding converter from class java.lang.String to class [B as writing converter
2024-10-07T20:22:41.242-03:00 DEBUG 8736 --- [MeliUrlShorter] [           main] o.s.data.convert.CustomConversions       : Adding converter from class [B to class java.lang.String as reading converter
2024-10-07T20:22:41.242-03:00 DEBUG 8736 --- [MeliUrlShorter] [           main] o.s.data.convert.CustomConversions       : Adding converter from class java.lang.Number to class [B as writing converter
2024-10-07T20:22:41.243-03:00 DEBUG 8736 --- [MeliUrlShorter] [           main] o.s.data.convert.CustomConversions       : Adding converter from class [B to class java.lang.Number as reading converter
2024-10-07T20:22:41.243-03:00 DEBUG 8736 --- [MeliUrlShorter] [           main] o.s.data.convert.CustomConversions       : Adding converter from class java.lang.Enum to class [B as writing converter
2024-10-07T20:22:41.243-03:00 DEBUG 8736 --- [MeliUrlShorter] [           main] o.s.data.convert.CustomConversions       : Adding converter from class [B to class java.lang.Enum as reading converter
2024-10-07T20:22:41.243-03:00 DEBUG 8736 --- [MeliUrlShorter] [           main] o.s.data.convert.CustomConversions       : Adding converter from class java.lang.Boolean to class [B as writing converter
2024-10-07T20:22:41.243-03:00 DEBUG 8736 --- [MeliUrlShorter] [           main] o.s.data.convert.CustomConversions       : Adding converter from class [B to class java.lang.Boolean as reading converter
2024-10-07T20:22:41.243-03:00 DEBUG 8736 --- [MeliUrlShorter] [           main] o.s.data.convert.CustomConversions       : Adding converter from class java.util.Date to class [B as writing converter
2024-10-07T20:22:41.243-03:00 DEBUG 8736 --- [MeliUrlShorter] [           main] o.s.data.convert.CustomConversions       : Adding converter from class [B to class java.util.Date as reading converter
2024-10-07T20:22:41.243-03:00 DEBUG 8736 --- [MeliUrlShorter] [           main] o.s.data.convert.CustomConversions       : Adding converter from class java.util.UUID to class [B as writing converter
2024-10-07T20:22:41.243-03:00 DEBUG 8736 --- [MeliUrlShorter] [           main] o.s.data.convert.CustomConversions       : Adding converter from class [B to class java.util.UUID as reading converter
2024-10-07T20:22:41.243-03:00 DEBUG 8736 --- [MeliUrlShorter] [           main] o.s.data.convert.CustomConversions       : Adding converter from class java.time.LocalDateTime to class [B as reading converter
2024-10-07T20:22:41.243-03:00 DEBUG 8736 --- [MeliUrlShorter] [           main] o.s.data.convert.CustomConversions       : Adding converter from class [B to class java.time.LocalDateTime as reading converter
2024-10-07T20:22:41.243-03:00 DEBUG 8736 --- [MeliUrlShorter] [           main] o.s.data.convert.CustomConversions       : Adding converter from class java.time.LocalDate to class [B as reading converter
2024-10-07T20:22:41.243-03:00 DEBUG 8736 --- [MeliUrlShorter] [           main] o.s.data.convert.CustomConversions       : Adding converter from class [B to class java.time.LocalDate as reading converter
2024-10-07T20:22:41.243-03:00 DEBUG 8736 --- [MeliUrlShorter] [           main] o.s.data.convert.CustomConversions       : Adding converter from class java.time.LocalTime to class [B as reading converter
2024-10-07T20:22:41.243-03:00 DEBUG 8736 --- [MeliUrlShorter] [           main] o.s.data.convert.CustomConversions       : Adding converter from class [B to class java.time.LocalTime as reading converter
2024-10-07T20:22:41.243-03:00 DEBUG 8736 --- [MeliUrlShorter] [           main] o.s.data.convert.CustomConversions       : Adding converter from class java.time.ZonedDateTime to class [B as reading converter
2024-10-07T20:22:41.243-03:00 DEBUG 8736 --- [MeliUrlShorter] [           main] o.s.data.convert.CustomConversions       : Adding converter from class [B to class java.time.ZonedDateTime as reading converter
2024-10-07T20:22:41.243-03:00 DEBUG 8736 --- [MeliUrlShorter] [           main] o.s.data.convert.CustomConversions       : Adding converter from class java.time.Instant to class [B as reading converter
2024-10-07T20:22:41.243-03:00 DEBUG 8736 --- [MeliUrlShorter] [           main] o.s.data.convert.CustomConversions       : Adding converter from class [B to class java.time.Instant as reading converter
2024-10-07T20:22:41.243-03:00 DEBUG 8736 --- [MeliUrlShorter] [           main] o.s.data.convert.CustomConversions       : Adding converter from class java.time.ZoneId to class [B as reading converter
2024-10-07T20:22:41.244-03:00 DEBUG 8736 --- [MeliUrlShorter] [           main] o.s.data.convert.CustomConversions       : Adding converter from class [B to class java.time.ZoneId as reading converter
2024-10-07T20:22:41.244-03:00 DEBUG 8736 --- [MeliUrlShorter] [           main] o.s.data.convert.CustomConversions       : Adding converter from class java.time.Period to class [B as reading converter
2024-10-07T20:22:41.244-03:00 DEBUG 8736 --- [MeliUrlShorter] [           main] o.s.data.convert.CustomConversions       : Adding converter from class [B to class java.time.Period as reading converter
2024-10-07T20:22:41.244-03:00 DEBUG 8736 --- [MeliUrlShorter] [           main] o.s.data.convert.CustomConversions       : Adding converter from class java.time.Duration to class [B as reading converter
2024-10-07T20:22:41.244-03:00 DEBUG 8736 --- [MeliUrlShorter] [           main] o.s.data.convert.CustomConversions       : Adding converter from class [B to class java.time.Duration as reading converter
2024-10-07T20:22:41.244-03:00 DEBUG 8736 --- [MeliUrlShorter] [           main] o.s.data.convert.CustomConversions       : Adding converter from class java.time.OffsetDateTime to class [B as reading converter
2024-10-07T20:22:41.244-03:00 DEBUG 8736 --- [MeliUrlShorter] [           main] o.s.data.convert.CustomConversions       : Adding converter from class [B to class java.time.OffsetDateTime as reading converter
2024-10-07T20:22:41.244-03:00 DEBUG 8736 --- [MeliUrlShorter] [           main] o.s.data.convert.CustomConversions       : Adding converter from class java.time.OffsetTime to class [B as reading converter
2024-10-07T20:22:41.244-03:00 DEBUG 8736 --- [MeliUrlShorter] [           main] o.s.data.convert.CustomConversions       : Adding converter from class [B to class java.time.OffsetTime as reading converter
2024-10-07T20:22:41.244-03:00 DEBUG 8736 --- [MeliUrlShorter] [           main] o.s.data.convert.CustomConversions       : Adding converter from class java.util.Date to class java.time.LocalDateTime as reading converter
2024-10-07T20:22:41.244-03:00 DEBUG 8736 --- [MeliUrlShorter] [           main] o.s.data.convert.CustomConversions       : Adding converter from class java.time.LocalDateTime to class java.util.Date as writing converter
2024-10-07T20:22:41.244-03:00 DEBUG 8736 --- [MeliUrlShorter] [           main] o.s.data.convert.CustomConversions       : Adding converter from class java.util.Date to class java.time.LocalDate as reading converter
2024-10-07T20:22:41.244-03:00 DEBUG 8736 --- [MeliUrlShorter] [           main] o.s.data.convert.CustomConversions       : Adding converter from class java.time.LocalDate to class java.util.Date as writing converter
2024-10-07T20:22:41.244-03:00 DEBUG 8736 --- [MeliUrlShorter] [           main] o.s.data.convert.CustomConversions       : Adding converter from class java.util.Date to class java.time.LocalTime as reading converter
2024-10-07T20:22:41.244-03:00 DEBUG 8736 --- [MeliUrlShorter] [           main] o.s.data.convert.CustomConversions       : Adding converter from class java.time.LocalTime to class java.util.Date as writing converter
2024-10-07T20:22:41.244-03:00 DEBUG 8736 --- [MeliUrlShorter] [           main] o.s.data.convert.CustomConversions       : Adding converter from class java.util.Date to class java.time.Instant as reading converter
2024-10-07T20:22:41.244-03:00 DEBUG 8736 --- [MeliUrlShorter] [           main] o.s.data.convert.CustomConversions       : Adding converter from class java.time.Instant to class java.util.Date as writing converter
2024-10-07T20:22:41.244-03:00 DEBUG 8736 --- [MeliUrlShorter] [           main] o.s.data.convert.CustomConversions       : Adding converter from class java.time.LocalDateTime to class java.time.Instant as reading converter
2024-10-07T20:22:41.244-03:00 DEBUG 8736 --- [MeliUrlShorter] [           main] o.s.data.convert.CustomConversions       : Adding converter from class java.time.Instant to class java.time.LocalDateTime as reading converter
2024-10-07T20:22:41.244-03:00 DEBUG 8736 --- [MeliUrlShorter] [           main] o.s.data.convert.CustomConversions       : Adding converter from class java.time.ZoneId to class java.lang.String as writing converter
2024-10-07T20:22:41.245-03:00 DEBUG 8736 --- [MeliUrlShorter] [           main] o.s.data.convert.CustomConversions       : Adding converter from class java.lang.String to class java.time.ZoneId as reading converter
2024-10-07T20:22:41.245-03:00 DEBUG 8736 --- [MeliUrlShorter] [           main] o.s.data.convert.CustomConversions       : Adding converter from class java.time.Duration to class java.lang.String as writing converter
2024-10-07T20:22:41.245-03:00 DEBUG 8736 --- [MeliUrlShorter] [           main] o.s.data.convert.CustomConversions       : Adding converter from class java.lang.String to class java.time.Duration as reading converter
2024-10-07T20:22:41.245-03:00 DEBUG 8736 --- [MeliUrlShorter] [           main] o.s.data.convert.CustomConversions       : Adding converter from class java.time.Period to class java.lang.String as writing converter
2024-10-07T20:22:41.245-03:00 DEBUG 8736 --- [MeliUrlShorter] [           main] o.s.data.convert.CustomConversions       : Adding converter from class java.lang.String to class java.time.Period as reading converter
2024-10-07T20:22:41.245-03:00 DEBUG 8736 --- [MeliUrlShorter] [           main] o.s.data.convert.CustomConversions       : Adding converter from class java.lang.String to class java.time.LocalDate as reading converter
2024-10-07T20:22:41.245-03:00 DEBUG 8736 --- [MeliUrlShorter] [           main] o.s.data.convert.CustomConversions       : Adding converter from class java.lang.String to class java.time.LocalDateTime as reading converter
2024-10-07T20:22:41.245-03:00 DEBUG 8736 --- [MeliUrlShorter] [           main] o.s.data.convert.CustomConversions       : Adding converter from class java.lang.String to class java.time.Instant as reading converter
2024-10-07T20:22:41.252-03:00 DEBUG 8736 --- [MeliUrlShorter] [           main] o.s.data.convert.CustomConversions       : Adding converter from class java.lang.String to class [B as writing converter
2024-10-07T20:22:41.252-03:00 DEBUG 8736 --- [MeliUrlShorter] [           main] o.s.data.convert.CustomConversions       : Adding converter from class [B to class java.lang.String as reading converter
2024-10-07T20:22:41.252-03:00 DEBUG 8736 --- [MeliUrlShorter] [           main] o.s.data.convert.CustomConversions       : Adding converter from class java.lang.Number to class [B as writing converter
2024-10-07T20:22:41.252-03:00 DEBUG 8736 --- [MeliUrlShorter] [           main] o.s.data.convert.CustomConversions       : Adding converter from class [B to class java.lang.Number as reading converter
2024-10-07T20:22:41.252-03:00 DEBUG 8736 --- [MeliUrlShorter] [           main] o.s.data.convert.CustomConversions       : Adding converter from class java.lang.Enum to class [B as writing converter
2024-10-07T20:22:41.252-03:00 DEBUG 8736 --- [MeliUrlShorter] [           main] o.s.data.convert.CustomConversions       : Adding converter from class [B to class java.lang.Enum as reading converter
2024-10-07T20:22:41.252-03:00 DEBUG 8736 --- [MeliUrlShorter] [           main] o.s.data.convert.CustomConversions       : Adding converter from class java.lang.Boolean to class [B as writing converter
2024-10-07T20:22:41.252-03:00 DEBUG 8736 --- [MeliUrlShorter] [           main] o.s.data.convert.CustomConversions       : Adding converter from class [B to class java.lang.Boolean as reading converter
2024-10-07T20:22:41.253-03:00 DEBUG 8736 --- [MeliUrlShorter] [           main] o.s.data.convert.CustomConversions       : Adding converter from class java.util.Date to class [B as writing converter
2024-10-07T20:22:41.253-03:00 DEBUG 8736 --- [MeliUrlShorter] [           main] o.s.data.convert.CustomConversions       : Adding converter from class [B to class java.util.Date as reading converter
2024-10-07T20:22:41.253-03:00 DEBUG 8736 --- [MeliUrlShorter] [           main] o.s.data.convert.CustomConversions       : Adding converter from class java.util.UUID to class [B as writing converter
2024-10-07T20:22:41.253-03:00 DEBUG 8736 --- [MeliUrlShorter] [           main] o.s.data.convert.CustomConversions       : Adding converter from class [B to class java.util.UUID as reading converter
2024-10-07T20:22:41.253-03:00 DEBUG 8736 --- [MeliUrlShorter] [           main] o.s.data.convert.CustomConversions       : Adding converter from class java.time.LocalDateTime to class [B as reading converter
2024-10-07T20:22:41.253-03:00 DEBUG 8736 --- [MeliUrlShorter] [           main] o.s.data.convert.CustomConversions       : Adding converter from class [B to class java.time.LocalDateTime as reading converter
2024-10-07T20:22:41.253-03:00 DEBUG 8736 --- [MeliUrlShorter] [           main] o.s.data.convert.CustomConversions       : Adding converter from class java.time.LocalDate to class [B as reading converter
2024-10-07T20:22:41.253-03:00 DEBUG 8736 --- [MeliUrlShorter] [           main] o.s.data.convert.CustomConversions       : Adding converter from class [B to class java.time.LocalDate as reading converter
2024-10-07T20:22:41.253-03:00 DEBUG 8736 --- [MeliUrlShorter] [           main] o.s.data.convert.CustomConversions       : Adding converter from class java.time.LocalTime to class [B as reading converter
2024-10-07T20:22:41.253-03:00 DEBUG 8736 --- [MeliUrlShorter] [           main] o.s.data.convert.CustomConversions       : Adding converter from class [B to class java.time.LocalTime as reading converter
2024-10-07T20:22:41.253-03:00 DEBUG 8736 --- [MeliUrlShorter] [           main] o.s.data.convert.CustomConversions       : Adding converter from class java.time.ZonedDateTime to class [B as reading converter
2024-10-07T20:22:41.253-03:00 DEBUG 8736 --- [MeliUrlShorter] [           main] o.s.data.convert.CustomConversions       : Adding converter from class [B to class java.time.ZonedDateTime as reading converter
2024-10-07T20:22:41.253-03:00 DEBUG 8736 --- [MeliUrlShorter] [           main] o.s.data.convert.CustomConversions       : Adding converter from class java.time.Instant to class [B as reading converter
2024-10-07T20:22:41.253-03:00 DEBUG 8736 --- [MeliUrlShorter] [           main] o.s.data.convert.CustomConversions       : Adding converter from class [B to class java.time.Instant as reading converter
2024-10-07T20:22:41.253-03:00 DEBUG 8736 --- [MeliUrlShorter] [           main] o.s.data.convert.CustomConversions       : Adding converter from class java.time.ZoneId to class [B as reading converter
2024-10-07T20:22:41.253-03:00 DEBUG 8736 --- [MeliUrlShorter] [           main] o.s.data.convert.CustomConversions       : Adding converter from class [B to class java.time.ZoneId as reading converter
2024-10-07T20:22:41.254-03:00 DEBUG 8736 --- [MeliUrlShorter] [           main] o.s.data.convert.CustomConversions       : Adding converter from class java.time.Period to class [B as reading converter
2024-10-07T20:22:41.254-03:00 DEBUG 8736 --- [MeliUrlShorter] [           main] o.s.data.convert.CustomConversions       : Adding converter from class [B to class java.time.Period as reading converter
2024-10-07T20:22:41.254-03:00 DEBUG 8736 --- [MeliUrlShorter] [           main] o.s.data.convert.CustomConversions       : Adding converter from class java.time.Duration to class [B as reading converter
2024-10-07T20:22:41.254-03:00 DEBUG 8736 --- [MeliUrlShorter] [           main] o.s.data.convert.CustomConversions       : Adding converter from class [B to class java.time.Duration as reading converter
2024-10-07T20:22:41.254-03:00 DEBUG 8736 --- [MeliUrlShorter] [           main] o.s.data.convert.CustomConversions       : Adding converter from class java.time.OffsetDateTime to class [B as reading converter
2024-10-07T20:22:41.254-03:00 DEBUG 8736 --- [MeliUrlShorter] [           main] o.s.data.convert.CustomConversions       : Adding converter from class [B to class java.time.OffsetDateTime as reading converter
2024-10-07T20:22:41.254-03:00 DEBUG 8736 --- [MeliUrlShorter] [           main] o.s.data.convert.CustomConversions       : Adding converter from class java.time.OffsetTime to class [B as reading converter
2024-10-07T20:22:41.254-03:00 DEBUG 8736 --- [MeliUrlShorter] [           main] o.s.data.convert.CustomConversions       : Adding converter from class [B to class java.time.OffsetTime as reading converter
2024-10-07T20:22:41.254-03:00 DEBUG 8736 --- [MeliUrlShorter] [           main] o.s.data.convert.CustomConversions       : Adding converter from class java.util.Date to class java.time.LocalDateTime as reading converter
2024-10-07T20:22:41.254-03:00 DEBUG 8736 --- [MeliUrlShorter] [           main] o.s.data.convert.CustomConversions       : Adding converter from class java.time.LocalDateTime to class java.util.Date as writing converter
2024-10-07T20:22:41.254-03:00 DEBUG 8736 --- [MeliUrlShorter] [           main] o.s.data.convert.CustomConversions       : Adding converter from class java.util.Date to class java.time.LocalDate as reading converter
2024-10-07T20:22:41.254-03:00 DEBUG 8736 --- [MeliUrlShorter] [           main] o.s.data.convert.CustomConversions       : Adding converter from class java.time.LocalDate to class java.util.Date as writing converter
2024-10-07T20:22:41.254-03:00 DEBUG 8736 --- [MeliUrlShorter] [           main] o.s.data.convert.CustomConversions       : Adding converter from class java.util.Date to class java.time.LocalTime as reading converter
2024-10-07T20:22:41.254-03:00 DEBUG 8736 --- [MeliUrlShorter] [           main] o.s.data.convert.CustomConversions       : Adding converter from class java.time.LocalTime to class java.util.Date as writing converter
2024-10-07T20:22:41.254-03:00 DEBUG 8736 --- [MeliUrlShorter] [           main] o.s.data.convert.CustomConversions       : Adding converter from class java.util.Date to class java.time.Instant as reading converter
2024-10-07T20:22:41.254-03:00 DEBUG 8736 --- [MeliUrlShorter] [           main] o.s.data.convert.CustomConversions       : Adding converter from class java.time.Instant to class java.util.Date as writing converter
2024-10-07T20:22:41.254-03:00 DEBUG 8736 --- [MeliUrlShorter] [           main] o.s.data.convert.CustomConversions       : Adding converter from class java.time.LocalDateTime to class java.time.Instant as reading converter
2024-10-07T20:22:41.254-03:00 DEBUG 8736 --- [MeliUrlShorter] [           main] o.s.data.convert.CustomConversions       : Adding converter from class java.time.Instant to class java.time.LocalDateTime as reading converter
2024-10-07T20:22:41.254-03:00 DEBUG 8736 --- [MeliUrlShorter] [           main] o.s.data.convert.CustomConversions       : Adding converter from class java.time.ZoneId to class java.lang.String as writing converter
2024-10-07T20:22:41.255-03:00 DEBUG 8736 --- [MeliUrlShorter] [           main] o.s.data.convert.CustomConversions       : Adding converter from class java.lang.String to class java.time.ZoneId as reading converter
2024-10-07T20:22:41.255-03:00 DEBUG 8736 --- [MeliUrlShorter] [           main] o.s.data.convert.CustomConversions       : Adding converter from class java.time.Duration to class java.lang.String as writing converter
2024-10-07T20:22:41.255-03:00 DEBUG 8736 --- [MeliUrlShorter] [           main] o.s.data.convert.CustomConversions       : Adding converter from class java.lang.String to class java.time.Duration as reading converter
2024-10-07T20:22:41.255-03:00 DEBUG 8736 --- [MeliUrlShorter] [           main] o.s.data.convert.CustomConversions       : Adding converter from class java.time.Period to class java.lang.String as writing converter
2024-10-07T20:22:41.255-03:00 DEBUG 8736 --- [MeliUrlShorter] [           main] o.s.data.convert.CustomConversions       : Adding converter from class java.lang.String to class java.time.Period as reading converter
2024-10-07T20:22:41.255-03:00 DEBUG 8736 --- [MeliUrlShorter] [           main] o.s.data.convert.CustomConversions       : Adding converter from class java.lang.String to class java.time.LocalDate as reading converter
2024-10-07T20:22:41.255-03:00 DEBUG 8736 --- [MeliUrlShorter] [           main] o.s.data.convert.CustomConversions       : Adding converter from class java.lang.String to class java.time.LocalDateTime as reading converter
2024-10-07T20:22:41.255-03:00 DEBUG 8736 --- [MeliUrlShorter] [           main] o.s.data.convert.CustomConversions       : Adding converter from class java.lang.String to class java.time.Instant as reading converter
2024-10-07T20:22:41.269-03:00 DEBUG 8736 --- [MeliUrlShorter] [           main] o.s.d.r.l.RedisMessageListenerContainer  : Starting RedisMessageListenerContainer...
2024-10-07T20:22:41.270-03:00 DEBUG 8736 --- [MeliUrlShorter] [           main] o.s.d.r.l.RedisMessageListenerContainer  : Postpone listening for Redis messages until actual listeners are added
2024-10-07T20:22:41.339-03:00 DEBUG 8736 --- [MeliUrlShorter] [           main] o.s.d.r.c.s.RepositoryFactorySupport     : Initializing repository instance for com.example.MeliUrlShorter.persistance.IMeliPersistance…
2024-10-07T20:22:41.371-03:00 DEBUG 8736 --- [MeliUrlShorter] [           main] o.s.d.r.c.s.RepositoryFactorySupport     : Finished creation of repository instance for com.example.MeliUrlShorter.persistance.IMeliPersistance.
2024-10-07T20:22:42.621-03:00  WARN 8736 --- [MeliUrlShorter] [           main] ion$DefaultTemplateResolverConfiguration : Cannot find template location: classpath:/templates/ (please add some templates, check your Thymeleaf configuration, or set spring.thymeleaf.check-template-location=false)
2024-10-07T20:22:43.730-03:00  INFO 8736 --- [MeliUrlShorter] [           main] o.s.b.a.e.web.EndpointLinksResolver      : Exposing 14 endpoint(s) beneath base path '/actuator'
2024-10-07T20:22:43.779-03:00  INFO 8736 --- [MeliUrlShorter] [           main] c.e.M.MeliUrlShorterApplicationTests     : Started MeliUrlShorterApplicationTests in 4.83 seconds (process running for 5.664)
2024-10-07T20:22:44.438-03:00 DEBUG 8736 --- [MeliUrlShorter] [           main] o.s.d.redis.core.RedisConnectionUtils    : Fetching Redis Connection from RedisConnectionFactory
]]></system-out>
    <system-err><![CDATA[WARNING: A Java agent has been loaded dynamically (C:\Users\cveti\.m2\repository\net\bytebuddy\byte-buddy-agent\1.14.13\byte-buddy-agent-1.14.13.jar)
WARNING: If a serviceability tool is in use, please run with -XX:+EnableDynamicAgentLoading to hide this warning
WARNING: If a serviceability tool is not in use, please run with -Djdk.instrument.traceUsage for more information
WARNING: Dynamic loading of agents will be disallowed by default in a future release
]]></system-err>
  </testcase>
  <testcase name="enableURL" classname="com.example.MeliUrlShorter.MeliUrlShorterApplicationTests" time="0.006">
    <error message="Cannot get Jedis connection" type="org.springframework.data.redis.RedisConnectionFailureException"><![CDATA[org.springframework.data.redis.RedisConnectionFailureException: Cannot get Jedis connection
	at org.springframework.data.redis.connection.jedis.JedisConnectionFactory.fetchJedisConnector(JedisConnectionFactory.java:873)
	at org.springframework.data.redis.connection.jedis.JedisConnectionFactory.getConnection(JedisConnectionFactory.java:835)
	at org.springframework.data.redis.core.RedisConnectionUtils.fetchConnection(RedisConnectionUtils.java:195)
	at org.springframework.data.redis.core.RedisConnectionUtils.doGetConnection(RedisConnectionUtils.java:144)
	at org.springframework.data.redis.core.RedisConnectionUtils.getConnection(RedisConnectionUtils.java:105)
	at org.springframework.data.redis.core.RedisTemplate.execute(RedisTemplate.java:383)
	at org.springframework.data.redis.core.RedisTemplate.execute(RedisTemplate.java:363)
	at org.springframework.data.redis.core.RedisTemplate.execute(RedisTemplate.java:350)
	at org.springframework.data.redis.core.RedisKeyValueAdapter.put(RedisKeyValueAdapter.java:212)
	at org.springframework.data.keyvalue.core.KeyValueTemplate.lambda$update$1(KeyValueTemplate.java:201)
	at org.springframework.data.keyvalue.core.KeyValueTemplate.execute(KeyValueTemplate.java:314)
	at org.springframework.data.keyvalue.core.KeyValueTemplate.update(KeyValueTemplate.java:201)
	at org.springframework.data.redis.core.RedisKeyValueTemplate.update(RedisKeyValueTemplate.java:166)
	at org.springframework.data.keyvalue.repository.support.SimpleKeyValueRepository.save(SimpleKeyValueRepository.java:76)
	at java.base/jdk.internal.reflect.DirectMethodHandleAccessor.invoke(DirectMethodHandleAccessor.java:103)
	at java.base/java.lang.reflect.Method.invoke(Method.java:580)
	at org.springframework.aop.support.AopUtils.invokeJoinpointUsingReflection(AopUtils.java:354)
	at org.springframework.data.repository.core.support.RepositoryMethodInvoker$RepositoryFragmentMethodInvoker.lambda$new$0(RepositoryMethodInvoker.java:277)
	at org.springframework.data.repository.core.support.RepositoryMethodInvoker.doInvoke(RepositoryMethodInvoker.java:170)
	at org.springframework.data.repository.core.support.RepositoryMethodInvoker.invoke(RepositoryMethodInvoker.java:158)
	at org.springframework.data.repository.core.support.RepositoryComposition$RepositoryFragments.invoke(RepositoryComposition.java:516)
	at org.springframework.data.repository.core.support.RepositoryComposition.invoke(RepositoryComposition.java:285)
	at org.springframework.data.repository.core.support.RepositoryFactorySupport$ImplementationMethodExecutionInterceptor.invoke(RepositoryFactorySupport.java:628)
	at org.springframework.aop.framework.ReflectiveMethodInvocation.proceed(ReflectiveMethodInvocation.java:184)
	at org.springframework.data.repository.core.support.QueryExecutorMethodInterceptor.doInvoke(QueryExecutorMethodInterceptor.java:168)
	at org.springframework.data.repository.core.support.QueryExecutorMethodInterceptor.invoke(QueryExecutorMethodInterceptor.java:143)
	at org.springframework.aop.framework.ReflectiveMethodInvocation.proceed(ReflectiveMethodInvocation.java:184)
	at org.springframework.aop.interceptor.ExposeInvocationInterceptor.invoke(ExposeInvocationInterceptor.java:97)
	at org.springframework.aop.framework.ReflectiveMethodInvocation.proceed(ReflectiveMethodInvocation.java:184)
	at org.springframework.aop.framework.JdkDynamicAopProxy.invoke(JdkDynamicAopProxy.java:223)
	at jdk.proxy2/jdk.proxy2.$Proxy105.save(Unknown Source)
	at java.base/jdk.internal.reflect.DirectMethodHandleAccessor.invoke(DirectMethodHandleAccessor.java:103)
	at java.base/java.lang.reflect.Method.invoke(Method.java:580)
	at org.springframework.aop.support.AopUtils.invokeJoinpointUsingReflection(AopUtils.java:354)
	at org.springframework.aop.framework.ReflectiveMethodInvocation.invokeJoinpoint(ReflectiveMethodInvocation.java:196)
	at org.springframework.aop.framework.ReflectiveMethodInvocation.proceed(ReflectiveMethodInvocation.java:163)
	at org.springframework.dao.support.PersistenceExceptionTranslationInterceptor.invoke(PersistenceExceptionTranslationInterceptor.java:137)
	at org.springframework.aop.framework.ReflectiveMethodInvocation.proceed(ReflectiveMethodInvocation.java:184)
	at org.springframework.aop.framework.JdkDynamicAopProxy.invoke(JdkDynamicAopProxy.java:223)
	at jdk.proxy2/jdk.proxy2.$Proxy105.save(Unknown Source)
	at com.example.MeliUrlShorter.MeliUrlShorterApplicationTests.enableURL(MeliUrlShorterApplicationTests.java:99)
	at java.base/java.lang.reflect.Method.invoke(Method.java:580)
	at java.base/java.util.ArrayList.forEach(ArrayList.java:1596)
	at java.base/java.util.ArrayList.forEach(ArrayList.java:1596)
Caused by: redis.clients.jedis.exceptions.JedisConnectionException: Failed to create socket.
	at redis.clients.jedis.DefaultJedisSocketFactory.createSocket(DefaultJedisSocketFactory.java:118)
	at redis.clients.jedis.Connection.connect(Connection.java:194)
	at redis.clients.jedis.Connection.initializeFromClientConfig(Connection.java:392)
	at redis.clients.jedis.Connection.<init>(Connection.java:67)
	at redis.clients.jedis.Jedis.<init>(Jedis.java:220)
	at redis.clients.jedis.JedisFactory.makeObject(JedisFactory.java:170)
	at org.apache.commons.pool2.impl.GenericObjectPool.create(GenericObjectPool.java:566)
	at org.apache.commons.pool2.impl.GenericObjectPool.borrowObject(GenericObjectPool.java:306)
	at org.apache.commons.pool2.impl.GenericObjectPool.borrowObject(GenericObjectPool.java:233)
	at redis.clients.jedis.util.Pool.getResource(Pool.java:38)
	at redis.clients.jedis.JedisPool.getResource(JedisPool.java:378)
	at redis.clients.jedis.JedisPool.getResource(JedisPool.java:17)
	at org.springframework.data.redis.connection.jedis.JedisConnectionFactory.fetchJedisConnector(JedisConnectionFactory.java:863)
	... 43 more
Caused by: java.net.UnknownHostException: redis-17196.c309.us-east-2-1.ec2.redns.redis-cloud.com
	at java.base/java.net.InetAddress$CachedLookup.get(InetAddress.java:988)
	at java.base/java.net.InetAddress.getAllByName0(InetAddress.java:1818)
	at java.base/java.net.InetAddress.getAllByName(InetAddress.java:1688)
	at redis.clients.jedis.DefaultJedisSocketFactory.connectToFirstSuccessfulHost(DefaultJedisSocketFactory.java:58)
	at redis.clients.jedis.DefaultJedisSocketFactory.createSocket(DefaultJedisSocketFactory.java:89)
	... 55 more
]]></error>
    <system-out><![CDATA[2024-10-07T20:22:44.616-03:00 DEBUG 8736 --- [MeliUrlShorter] [           main] o.s.d.redis.core.RedisConnectionUtils    : Fetching Redis Connection from RedisConnectionFactory
]]></system-out>
  </testcase>
  <testcase name="getNewShortURL" classname="com.example.MeliUrlShorter.MeliUrlShorterApplicationTests" time="0.014">
    <error message="Cannot get Jedis connection" type="org.springframework.data.redis.RedisConnectionFailureException"><![CDATA[org.springframework.data.redis.RedisConnectionFailureException: Cannot get Jedis connection
	at org.springframework.data.redis.connection.jedis.JedisConnectionFactory.fetchJedisConnector(JedisConnectionFactory.java:873)
	at org.springframework.data.redis.connection.jedis.JedisConnectionFactory.getConnection(JedisConnectionFactory.java:835)
	at org.springframework.data.redis.core.RedisConnectionUtils.fetchConnection(RedisConnectionUtils.java:195)
	at org.springframework.data.redis.core.RedisConnectionUtils.doGetConnection(RedisConnectionUtils.java:144)
	at org.springframework.data.redis.core.RedisConnectionUtils.getConnection(RedisConnectionUtils.java:105)
	at org.springframework.data.redis.core.RedisTemplate.execute(RedisTemplate.java:383)
	at org.springframework.data.redis.core.RedisTemplate.execute(RedisTemplate.java:363)
	at org.springframework.data.redis.core.RedisTemplate.execute(RedisTemplate.java:350)
	at org.springframework.data.redis.core.RedisKeyValueAdapter.put(RedisKeyValueAdapter.java:212)
	at org.springframework.data.keyvalue.core.KeyValueTemplate.lambda$update$1(KeyValueTemplate.java:201)
	at org.springframework.data.keyvalue.core.KeyValueTemplate.execute(KeyValueTemplate.java:314)
	at org.springframework.data.keyvalue.core.KeyValueTemplate.update(KeyValueTemplate.java:201)
	at org.springframework.data.redis.core.RedisKeyValueTemplate.update(RedisKeyValueTemplate.java:166)
	at org.springframework.data.keyvalue.repository.support.SimpleKeyValueRepository.save(SimpleKeyValueRepository.java:76)
	at java.base/jdk.internal.reflect.DirectMethodHandleAccessor.invoke(DirectMethodHandleAccessor.java:103)
	at java.base/java.lang.reflect.Method.invoke(Method.java:580)
	at org.springframework.aop.support.AopUtils.invokeJoinpointUsingReflection(AopUtils.java:354)
	at org.springframework.data.repository.core.support.RepositoryMethodInvoker$RepositoryFragmentMethodInvoker.lambda$new$0(RepositoryMethodInvoker.java:277)
	at org.springframework.data.repository.core.support.RepositoryMethodInvoker.doInvoke(RepositoryMethodInvoker.java:170)
	at org.springframework.data.repository.core.support.RepositoryMethodInvoker.invoke(RepositoryMethodInvoker.java:158)
	at org.springframework.data.repository.core.support.RepositoryComposition$RepositoryFragments.invoke(RepositoryComposition.java:516)
	at org.springframework.data.repository.core.support.RepositoryComposition.invoke(RepositoryComposition.java:285)
	at org.springframework.data.repository.core.support.RepositoryFactorySupport$ImplementationMethodExecutionInterceptor.invoke(RepositoryFactorySupport.java:628)
	at org.springframework.aop.framework.ReflectiveMethodInvocation.proceed(ReflectiveMethodInvocation.java:184)
	at org.springframework.data.repository.core.support.QueryExecutorMethodInterceptor.doInvoke(QueryExecutorMethodInterceptor.java:168)
	at org.springframework.data.repository.core.support.QueryExecutorMethodInterceptor.invoke(QueryExecutorMethodInterceptor.java:143)
	at org.springframework.aop.framework.ReflectiveMethodInvocation.proceed(ReflectiveMethodInvocation.java:184)
	at org.springframework.aop.interceptor.ExposeInvocationInterceptor.invoke(ExposeInvocationInterceptor.java:97)
	at org.springframework.aop.framework.ReflectiveMethodInvocation.proceed(ReflectiveMethodInvocation.java:184)
	at org.springframework.aop.framework.JdkDynamicAopProxy.invoke(JdkDynamicAopProxy.java:223)
	at jdk.proxy2/jdk.proxy2.$Proxy105.save(Unknown Source)
	at java.base/jdk.internal.reflect.DirectMethodHandleAccessor.invoke(DirectMethodHandleAccessor.java:103)
	at java.base/java.lang.reflect.Method.invoke(Method.java:580)
	at org.springframework.aop.support.AopUtils.invokeJoinpointUsingReflection(AopUtils.java:354)
	at org.springframework.aop.framework.ReflectiveMethodInvocation.invokeJoinpoint(ReflectiveMethodInvocation.java:196)
	at org.springframework.aop.framework.ReflectiveMethodInvocation.proceed(ReflectiveMethodInvocation.java:163)
	at org.springframework.dao.support.PersistenceExceptionTranslationInterceptor.invoke(PersistenceExceptionTranslationInterceptor.java:137)
	at org.springframework.aop.framework.ReflectiveMethodInvocation.proceed(ReflectiveMethodInvocation.java:184)
	at org.springframework.aop.framework.JdkDynamicAopProxy.invoke(JdkDynamicAopProxy.java:223)
	at jdk.proxy2/jdk.proxy2.$Proxy105.save(Unknown Source)
	at com.example.MeliUrlShorter.bussines.url.service.ShortMeliService.saveUrl(ShortMeliService.java:80)
	at java.base/jdk.internal.reflect.DirectMethodHandleAccessor.invoke(DirectMethodHandleAccessor.java:103)
	at java.base/java.lang.reflect.Method.invoke(Method.java:580)
	at org.springframework.aop.support.AopUtils.invokeJoinpointUsingReflection(AopUtils.java:354)
	at org.springframework.aop.framework.ReflectiveMethodInvocation.invokeJoinpoint(ReflectiveMethodInvocation.java:196)
	at org.springframework.aop.framework.ReflectiveMethodInvocation.proceed(ReflectiveMethodInvocation.java:163)
	at org.springframework.aop.framework.CglibAopProxy$CglibMethodInvocation.proceed(CglibAopProxy.java:768)
	at org.springframework.cache.interceptor.CacheInterceptor.lambda$invoke$0(CacheInterceptor.java:64)
	at org.springframework.cache.interceptor.CacheAspectSupport.invokeOperation(CacheAspectSupport.java:416)
	at org.springframework.cache.interceptor.CacheAspectSupport.evaluate(CacheAspectSupport.java:545)
	at org.springframework.cache.interceptor.CacheAspectSupport.execute(CacheAspectSupport.java:433)
	at org.springframework.cache.interceptor.CacheAspectSupport.execute(CacheAspectSupport.java:395)
	at org.springframework.cache.interceptor.CacheInterceptor.invoke(CacheInterceptor.java:74)
	at org.springframework.aop.framework.ReflectiveMethodInvocation.proceed(ReflectiveMethodInvocation.java:184)
	at org.springframework.aop.framework.CglibAopProxy$CglibMethodInvocation.proceed(CglibAopProxy.java:768)
	at org.springframework.aop.framework.CglibAopProxy$DynamicAdvisedInterceptor.intercept(CglibAopProxy.java:720)
	at com.example.MeliUrlShorter.bussines.url.service.ShortMeliService$$SpringCGLIB$$0.saveUrl(<generated>)
	at com.example.MeliUrlShorter.MeliUrlShorterApplicationTests.getNewShortURL(MeliUrlShorterApplicationTests.java:43)
	at java.base/java.lang.reflect.Method.invoke(Method.java:580)
	at java.base/java.util.ArrayList.forEach(ArrayList.java:1596)
	at java.base/java.util.ArrayList.forEach(ArrayList.java:1596)
Caused by: redis.clients.jedis.exceptions.JedisConnectionException: Failed to create socket.
	at redis.clients.jedis.DefaultJedisSocketFactory.createSocket(DefaultJedisSocketFactory.java:118)
	at redis.clients.jedis.Connection.connect(Connection.java:194)
	at redis.clients.jedis.Connection.initializeFromClientConfig(Connection.java:392)
	at redis.clients.jedis.Connection.<init>(Connection.java:67)
	at redis.clients.jedis.Jedis.<init>(Jedis.java:220)
	at redis.clients.jedis.JedisFactory.makeObject(JedisFactory.java:170)
	at org.apache.commons.pool2.impl.GenericObjectPool.create(GenericObjectPool.java:566)
	at org.apache.commons.pool2.impl.GenericObjectPool.borrowObject(GenericObjectPool.java:306)
	at org.apache.commons.pool2.impl.GenericObjectPool.borrowObject(GenericObjectPool.java:233)
	at redis.clients.jedis.util.Pool.getResource(Pool.java:38)
	at redis.clients.jedis.JedisPool.getResource(JedisPool.java:378)
	at redis.clients.jedis.JedisPool.getResource(JedisPool.java:17)
	at org.springframework.data.redis.connection.jedis.JedisConnectionFactory.fetchJedisConnector(JedisConnectionFactory.java:863)
	... 60 more
Caused by: java.net.UnknownHostException: redis-17196.c309.us-east-2-1.ec2.redns.redis-cloud.com
	at java.base/java.net.InetAddress$CachedLookup.get(InetAddress.java:988)
	at java.base/java.net.InetAddress.getAllByName0(InetAddress.java:1818)
	at java.base/java.net.InetAddress.getAllByName(InetAddress.java:1688)
	at redis.clients.jedis.DefaultJedisSocketFactory.connectToFirstSuccessfulHost(DefaultJedisSocketFactory.java:58)
	at redis.clients.jedis.DefaultJedisSocketFactory.createSocket(DefaultJedisSocketFactory.java:89)
	... 72 more
]]></error>
    <system-out><![CDATA[2024-10-07T20:22:44.629-03:00  INFO 8736 --- [MeliUrlShorter] [           main] c.e.M.b.url.service.ShortMeliService     : (generateHash) -> Generando Hash para la url: http://mercadolibre.com/mis/pedidos
2024-10-07T20:22:44.632-03:00 DEBUG 8736 --- [MeliUrlShorter] [           main] o.s.d.redis.core.RedisConnectionUtils    : Fetching Redis Connection from RedisConnectionFactory
]]></system-out>
  </testcase>
  <testcase name="generateHash" classname="com.example.MeliUrlShorter.MeliUrlShorterApplicationTests" time="0.008">
    <system-out><![CDATA[2024-10-07T20:22:44.639-03:00  INFO 8736 --- [MeliUrlShorter] [           main] c.e.M.b.url.service.ShortMeliService     : (generateHash) -> Generando Hash para la url: http://mercadolibre.com/mis/pedidos
]]></system-out>
  </testcase>
</testsuite>